[2024-02-24T11:14:35.646+0000] {taskinstance.py:1956} INFO - Dependencies all met for dep_context=non-requeueable deps ti=<TaskInstance: api_dag.transform_load_data_task manual__2024-02-24T11:14:31.560497+00:00 [queued]>
[2024-02-24T11:14:35.653+0000] {taskinstance.py:1956} INFO - Dependencies all met for dep_context=requeueable deps ti=<TaskInstance: api_dag.transform_load_data_task manual__2024-02-24T11:14:31.560497+00:00 [queued]>
[2024-02-24T11:14:35.653+0000] {taskinstance.py:2170} INFO - Starting attempt 1 of 1
[2024-02-24T11:14:35.663+0000] {taskinstance.py:2191} INFO - Executing <Task(PythonOperator): transform_load_data_task> on 2024-02-24 11:14:31.560497+00:00
[2024-02-24T11:14:35.669+0000] {standard_task_runner.py:60} INFO - Started process 1981 to run task
[2024-02-24T11:14:35.671+0000] {standard_task_runner.py:87} INFO - Running: ['***', 'tasks', 'run', 'api_dag', 'transform_load_data_task', 'manual__2024-02-24T11:14:31.560497+00:00', '--job-id', '582', '--raw', '--subdir', 'DAGS_FOLDER/api_dag.py', '--cfg-path', '/tmp/tmpn1w86r2h']
[2024-02-24T11:14:35.672+0000] {standard_task_runner.py:88} INFO - Job 582: Subtask transform_load_data_task
[2024-02-24T11:14:35.706+0000] {task_command.py:423} INFO - Running <TaskInstance: api_dag.transform_load_data_task manual__2024-02-24T11:14:31.560497+00:00 [running]> on host 614a08523528
[2024-02-24T11:14:35.767+0000] {taskinstance.py:2480} INFO - Exporting env vars: AIRFLOW_CTX_DAG_OWNER='***' AIRFLOW_CTX_DAG_ID='api_dag' AIRFLOW_CTX_TASK_ID='transform_load_data_task' AIRFLOW_CTX_EXECUTION_DATE='2024-02-24T11:14:31.560497+00:00' AIRFLOW_CTX_TRY_NUMBER='1' AIRFLOW_CTX_DAG_RUN_ID='manual__2024-02-24T11:14:31.560497+00:00'
[2024-02-24T11:14:35.808+0000] {logging_mixin.py:188} INFO - [{'idMezzo': 32678}]
[2024-02-24T11:14:35.815+0000] {logging_mixin.py:188} INFO -     Mezzo  kmTotali
0  233015  968.6 km
1  233015  968.6 km
2  233015  968.6 km
3  233015  968.6 km
[2024-02-24T11:14:35.815+0000] {logging_mixin.py:188} INFO - 0    233015
1    233015
2    233015
3    233015
Name: Mezzo, dtype: int64
[2024-02-24T11:14:35.818+0000] {logging_mixin.py:188} INFO -    idMezzo
0    32678
[2024-02-24T11:14:35.827+0000] {logging_mixin.py:188} INFO -       Mezzo  idMezzo
0  233015.0      NaN
1  233015.0      NaN
2  233015.0      NaN
3  233015.0      NaN
4       NaN  32678.0
[2024-02-24T11:14:39.835+0000] {python.py:201} INFO - Done. Returned value was: None
[2024-02-24T11:14:39.844+0000] {taskinstance.py:1138} INFO - Marking task as SUCCESS. dag_id=api_dag, task_id=transform_load_data_task, execution_date=20240224T111431, start_date=20240224T111435, end_date=20240224T111439
[2024-02-24T11:14:39.870+0000] {local_task_job_runner.py:234} INFO - Task exited with return code 0
[2024-02-24T11:14:39.880+0000] {taskinstance.py:3280} INFO - 0 downstream tasks scheduled from follow-on schedule check
