[2024-02-24T09:50:30.878+0000] {taskinstance.py:1956} INFO - Dependencies all met for dep_context=non-requeueable deps ti=<TaskInstance: api_dag.transform_load_data_task manual__2024-02-24T09:50:27.006814+00:00 [queued]>
[2024-02-24T09:50:30.883+0000] {taskinstance.py:1956} INFO - Dependencies all met for dep_context=requeueable deps ti=<TaskInstance: api_dag.transform_load_data_task manual__2024-02-24T09:50:27.006814+00:00 [queued]>
[2024-02-24T09:50:30.883+0000] {taskinstance.py:2170} INFO - Starting attempt 1 of 1
[2024-02-24T09:50:30.891+0000] {taskinstance.py:2191} INFO - Executing <Task(PythonOperator): transform_load_data_task> on 2024-02-24 09:50:27.006814+00:00
[2024-02-24T09:50:30.895+0000] {standard_task_runner.py:60} INFO - Started process 174 to run task
[2024-02-24T09:50:30.897+0000] {standard_task_runner.py:87} INFO - Running: ['***', 'tasks', 'run', 'api_dag', 'transform_load_data_task', 'manual__2024-02-24T09:50:27.006814+00:00', '--job-id', '462', '--raw', '--subdir', 'DAGS_FOLDER/api_dag.py', '--cfg-path', '/tmp/tmp46lhf_re']
[2024-02-24T09:50:30.898+0000] {standard_task_runner.py:88} INFO - Job 462: Subtask transform_load_data_task
[2024-02-24T09:50:30.926+0000] {task_command.py:423} INFO - Running <TaskInstance: api_dag.transform_load_data_task manual__2024-02-24T09:50:27.006814+00:00 [running]> on host 614a08523528
[2024-02-24T09:50:30.974+0000] {taskinstance.py:2480} INFO - Exporting env vars: AIRFLOW_CTX_DAG_OWNER='***' AIRFLOW_CTX_DAG_ID='api_dag' AIRFLOW_CTX_TASK_ID='transform_load_data_task' AIRFLOW_CTX_EXECUTION_DATE='2024-02-24T09:50:27.006814+00:00' AIRFLOW_CTX_TRY_NUMBER='1' AIRFLOW_CTX_DAG_RUN_ID='manual__2024-02-24T09:50:27.006814+00:00'
[2024-02-24T09:50:31.007+0000] {taskinstance.py:2698} ERROR - Task failed with exception
Traceback (most recent call last):
  File "/home/airflow/.local/lib/python3.8/site-packages/airflow/models/taskinstance.py", line 433, in _execute_task
    result = execute_callable(context=context, **execute_callable_kwargs)
  File "/home/airflow/.local/lib/python3.8/site-packages/airflow/operators/python.py", line 199, in execute
    return_value = self.execute_callable()
  File "/home/airflow/.local/lib/python3.8/site-packages/airflow/operators/python.py", line 216, in execute_callable
    return self.python_callable(*self.op_args, **self.op_kwargs)
  File "/opt/airflow/dags/api_dag.py", line 30, in transform_data
    transformed_data = [{'idMezzo': item['idMezzo'], 'km_totali': item['km_totali']} for item in all_data]
  File "/opt/airflow/dags/api_dag.py", line 30, in <listcomp>
    transformed_data = [{'idMezzo': item['idMezzo'], 'km_totali': item['km_totali']} for item in all_data]
TypeError: 'NoneType' object is not subscriptable
[2024-02-24T09:50:31.013+0000] {taskinstance.py:1138} INFO - Marking task as FAILED. dag_id=api_dag, task_id=transform_load_data_task, execution_date=20240224T095027, start_date=20240224T095030, end_date=20240224T095031
[2024-02-24T09:50:31.020+0000] {standard_task_runner.py:107} ERROR - Failed to execute job 462 for task transform_load_data_task ('NoneType' object is not subscriptable; 174)
[2024-02-24T09:50:31.030+0000] {local_task_job_runner.py:234} INFO - Task exited with return code 1
[2024-02-24T09:50:31.041+0000] {taskinstance.py:3280} INFO - 0 downstream tasks scheduled from follow-on schedule check
