[2024-02-18T19:41:17.400+0000] {taskinstance.py:1956} INFO - Dependencies all met for dep_context=non-requeueable deps ti=<TaskInstance: api_dag.insert_into_postgres manual__2024-02-18T19:41:15.576444+00:00 [queued]>
[2024-02-18T19:41:17.420+0000] {taskinstance.py:1956} INFO - Dependencies all met for dep_context=requeueable deps ti=<TaskInstance: api_dag.insert_into_postgres manual__2024-02-18T19:41:15.576444+00:00 [queued]>
[2024-02-18T19:41:17.420+0000] {taskinstance.py:2170} INFO - Starting attempt 1 of 1
[2024-02-18T19:41:17.437+0000] {taskinstance.py:2191} INFO - Executing <Task(PostgresOperator): insert_into_postgres> on 2024-02-18 19:41:15.576444+00:00
[2024-02-18T19:41:17.442+0000] {standard_task_runner.py:60} INFO - Started process 3927 to run task
[2024-02-18T19:41:17.451+0000] {standard_task_runner.py:87} INFO - Running: ['***', 'tasks', 'run', 'api_dag', 'insert_into_postgres', 'manual__2024-02-18T19:41:15.576444+00:00', '--job-id', '55', '--raw', '--subdir', 'DAGS_FOLDER/api_dag.py', '--cfg-path', '/tmp/tmp6sjuxusg']
[2024-02-18T19:41:17.452+0000] {standard_task_runner.py:88} INFO - Job 55: Subtask insert_into_postgres
[2024-02-18T19:41:17.518+0000] {task_command.py:423} INFO - Running <TaskInstance: api_dag.insert_into_postgres manual__2024-02-18T19:41:15.576444+00:00 [running]> on host 482b276ff4ae
[2024-02-18T19:41:17.603+0000] {taskinstance.py:2480} INFO - Exporting env vars: AIRFLOW_CTX_DAG_OWNER='***' AIRFLOW_CTX_DAG_ID='api_dag' AIRFLOW_CTX_TASK_ID='insert_into_postgres' AIRFLOW_CTX_EXECUTION_DATE='2024-02-18T19:41:15.576444+00:00' AIRFLOW_CTX_TRY_NUMBER='1' AIRFLOW_CTX_DAG_RUN_ID='manual__2024-02-18T19:41:15.576444+00:00'
[2024-02-18T19:41:17.604+0000] {sql.py:276} INFO - Executing: INSERT INTO automezzo (id) VALUES (load_data);
[2024-02-18T19:41:17.612+0000] {base.py:83} INFO - Using connection ID 'postgres_conn' for task execution.
[2024-02-18T19:41:17.620+0000] {base.py:83} INFO - Using connection ID 'postgres_conn' for task execution.
[2024-02-18T19:41:18.820+0000] {sql.py:450} INFO - Running statement: INSERT INTO automezzo (id) VALUES (load_data);, parameters: None
[2024-02-18T19:41:19.235+0000] {taskinstance.py:2698} ERROR - Task failed with exception
Traceback (most recent call last):
  File "/home/airflow/.local/lib/python3.8/site-packages/airflow/models/taskinstance.py", line 433, in _execute_task
    result = execute_callable(context=context, **execute_callable_kwargs)
  File "/home/airflow/.local/lib/python3.8/site-packages/airflow/providers/common/sql/operators/sql.py", line 282, in execute
    output = hook.run(
  File "/home/airflow/.local/lib/python3.8/site-packages/airflow/providers/common/sql/hooks/sql.py", line 398, in run
    self._run_command(cur, sql_statement, parameters)
  File "/home/airflow/.local/lib/python3.8/site-packages/airflow/providers/common/sql/hooks/sql.py", line 455, in _run_command
    cur.execute(sql_statement)
psycopg2.errors.UndefinedColumn: column "load_data" does not exist
LINE 1: INSERT INTO automezzo (id) VALUES (load_data);
                                           ^

[2024-02-18T19:41:19.244+0000] {taskinstance.py:1138} INFO - Marking task as FAILED. dag_id=api_dag, task_id=insert_into_postgres, execution_date=20240218T194115, start_date=20240218T194117, end_date=20240218T194119
[2024-02-18T19:41:19.258+0000] {standard_task_runner.py:107} ERROR - Failed to execute job 55 for task insert_into_postgres (column "load_data" does not exist
LINE 1: INSERT INTO automezzo (id) VALUES (load_data);
                                           ^
; 3927)
[2024-02-18T19:41:19.272+0000] {local_task_job_runner.py:234} INFO - Task exited with return code 1
[2024-02-18T19:41:19.288+0000] {taskinstance.py:3280} INFO - 0 downstream tasks scheduled from follow-on schedule check
