[2024-02-22T18:41:38.526+0000] {taskinstance.py:1956} INFO - Dependencies all met for dep_context=non-requeueable deps ti=<TaskInstance: api_dag.extract_csv_data manual__2024-02-22T18:41:35.113222+00:00 [queued]>
[2024-02-22T18:41:38.541+0000] {taskinstance.py:1956} INFO - Dependencies all met for dep_context=requeueable deps ti=<TaskInstance: api_dag.extract_csv_data manual__2024-02-22T18:41:35.113222+00:00 [queued]>
[2024-02-22T18:41:38.541+0000] {taskinstance.py:2170} INFO - Starting attempt 1 of 1
[2024-02-22T18:41:38.568+0000] {taskinstance.py:2191} INFO - Executing <Task(PythonOperator): extract_csv_data> on 2024-02-22 18:41:35.113222+00:00
[2024-02-22T18:41:38.578+0000] {standard_task_runner.py:60} INFO - Started process 1225 to run task
[2024-02-22T18:41:38.581+0000] {standard_task_runner.py:87} INFO - Running: ['***', 'tasks', 'run', 'api_dag', 'extract_csv_data', 'manual__2024-02-22T18:41:35.113222+00:00', '--job-id', '246', '--raw', '--subdir', 'DAGS_FOLDER/api_dag.py', '--cfg-path', '/tmp/tmpn5afeljl']
[2024-02-22T18:41:38.583+0000] {standard_task_runner.py:88} INFO - Job 246: Subtask extract_csv_data
[2024-02-22T18:41:38.628+0000] {task_command.py:423} INFO - Running <TaskInstance: api_dag.extract_csv_data manual__2024-02-22T18:41:35.113222+00:00 [running]> on host 614a08523528
[2024-02-22T18:41:38.708+0000] {taskinstance.py:2480} INFO - Exporting env vars: AIRFLOW_CTX_DAG_OWNER='***' AIRFLOW_CTX_DAG_ID='api_dag' AIRFLOW_CTX_TASK_ID='extract_csv_data' AIRFLOW_CTX_EXECUTION_DATE='2024-02-22T18:41:35.113222+00:00' AIRFLOW_CTX_TRY_NUMBER='1' AIRFLOW_CTX_DAG_RUN_ID='manual__2024-02-22T18:41:35.113222+00:00'
[2024-02-22T18:41:38.710+0000] {taskinstance.py:2698} ERROR - Task failed with exception
Traceback (most recent call last):
  File "/home/airflow/.local/lib/python3.8/site-packages/airflow/models/taskinstance.py", line 433, in _execute_task
    result = execute_callable(context=context, **execute_callable_kwargs)
  File "/home/airflow/.local/lib/python3.8/site-packages/airflow/operators/python.py", line 199, in execute
    return_value = self.execute_callable()
  File "/home/airflow/.local/lib/python3.8/site-packages/airflow/operators/python.py", line 216, in execute_callable
    return self.python_callable(*self.op_args, **self.op_kwargs)
  File "/opt/airflow/dags/api_dag.py", line 22, in extract_csv_data
    return csv_data
UnboundLocalError: local variable 'csv_data' referenced before assignment
[2024-02-22T18:41:38.716+0000] {taskinstance.py:1138} INFO - Marking task as FAILED. dag_id=api_dag, task_id=extract_csv_data, execution_date=20240222T184135, start_date=20240222T184138, end_date=20240222T184138
[2024-02-22T18:41:38.725+0000] {standard_task_runner.py:107} ERROR - Failed to execute job 246 for task extract_csv_data (local variable 'csv_data' referenced before assignment; 1225)
[2024-02-22T18:41:38.754+0000] {local_task_job_runner.py:234} INFO - Task exited with return code 1
[2024-02-22T18:41:38.791+0000] {taskinstance.py:3280} INFO - 0 downstream tasks scheduled from follow-on schedule check
