[2024-02-24T10:54:22.257+0000] {taskinstance.py:1956} INFO - Dependencies all met for dep_context=non-requeueable deps ti=<TaskInstance: api_dag.extract_csv_data_task manual__2024-02-24T10:54:18.935932+00:00 [queued]>
[2024-02-24T10:54:22.262+0000] {taskinstance.py:1956} INFO - Dependencies all met for dep_context=requeueable deps ti=<TaskInstance: api_dag.extract_csv_data_task manual__2024-02-24T10:54:18.935932+00:00 [queued]>
[2024-02-24T10:54:22.262+0000] {taskinstance.py:2170} INFO - Starting attempt 1 of 1
[2024-02-24T10:54:22.269+0000] {taskinstance.py:2191} INFO - Executing <Task(PythonOperator): extract_csv_data_task> on 2024-02-24 10:54:18.935932+00:00
[2024-02-24T10:54:22.274+0000] {standard_task_runner.py:60} INFO - Started process 1447 to run task
[2024-02-24T10:54:22.276+0000] {standard_task_runner.py:87} INFO - Running: ['***', 'tasks', 'run', 'api_dag', 'extract_csv_data_task', 'manual__2024-02-24T10:54:18.935932+00:00', '--job-id', '530', '--raw', '--subdir', 'DAGS_FOLDER/api_dag.py', '--cfg-path', '/tmp/tmpypi8g2jl']
[2024-02-24T10:54:22.277+0000] {standard_task_runner.py:88} INFO - Job 530: Subtask extract_csv_data_task
[2024-02-24T10:54:22.305+0000] {task_command.py:423} INFO - Running <TaskInstance: api_dag.extract_csv_data_task manual__2024-02-24T10:54:18.935932+00:00 [running]> on host 614a08523528
[2024-02-24T10:54:22.351+0000] {taskinstance.py:2480} INFO - Exporting env vars: AIRFLOW_CTX_DAG_OWNER='***' AIRFLOW_CTX_DAG_ID='api_dag' AIRFLOW_CTX_TASK_ID='extract_csv_data_task' AIRFLOW_CTX_EXECUTION_DATE='2024-02-24T10:54:18.935932+00:00' AIRFLOW_CTX_TRY_NUMBER='1' AIRFLOW_CTX_DAG_RUN_ID='manual__2024-02-24T10:54:18.935932+00:00'
[2024-02-24T10:54:22.358+0000] {logging_mixin.py:188} INFO - <bound method NDFrame.head of     Mezzo  kmTotali
0  233015  968.6 km
1  233015  968.6 km
2  233015  968.6 km
3  233015  968.6 km>
[2024-02-24T10:54:22.359+0000] {python.py:201} INFO - Done. Returned value was:     Mezzo  kmTotali
0  233015  968.6 km
1  233015  968.6 km
2  233015  968.6 km
3  233015  968.6 km
[2024-02-24T10:54:22.383+0000] {taskinstance.py:1138} INFO - Marking task as SUCCESS. dag_id=api_dag, task_id=extract_csv_data_task, execution_date=20240224T105418, start_date=20240224T105422, end_date=20240224T105422
[2024-02-24T10:54:22.408+0000] {local_task_job_runner.py:234} INFO - Task exited with return code 0
[2024-02-24T10:54:22.421+0000] {taskinstance.py:3280} INFO - 1 downstream tasks scheduled from follow-on schedule check
