[2024-02-18T20:43:00.342+0000] {taskinstance.py:1956} INFO - Dependencies all met for dep_context=non-requeueable deps ti=<TaskInstance: api_dag.insert_into_postgres manual__2024-02-18T20:42:56.724926+00:00 [queued]>
[2024-02-18T20:43:00.348+0000] {taskinstance.py:1956} INFO - Dependencies all met for dep_context=requeueable deps ti=<TaskInstance: api_dag.insert_into_postgres manual__2024-02-18T20:42:56.724926+00:00 [queued]>
[2024-02-18T20:43:00.349+0000] {taskinstance.py:2170} INFO - Starting attempt 1 of 1
[2024-02-18T20:43:00.358+0000] {taskinstance.py:2191} INFO - Executing <Task(PostgresOperator): insert_into_postgres> on 2024-02-18 20:42:56.724926+00:00
[2024-02-18T20:43:00.363+0000] {standard_task_runner.py:60} INFO - Started process 5020 to run task
[2024-02-18T20:43:00.365+0000] {standard_task_runner.py:87} INFO - Running: ['***', 'tasks', 'run', 'api_dag', 'insert_into_postgres', 'manual__2024-02-18T20:42:56.724926+00:00', '--job-id', '112', '--raw', '--subdir', 'DAGS_FOLDER/api_dag.py', '--cfg-path', '/tmp/tmprx0brfdo']
[2024-02-18T20:43:00.366+0000] {standard_task_runner.py:88} INFO - Job 112: Subtask insert_into_postgres
[2024-02-18T20:43:00.400+0000] {task_command.py:423} INFO - Running <TaskInstance: api_dag.insert_into_postgres manual__2024-02-18T20:42:56.724926+00:00 [running]> on host 482b276ff4ae
[2024-02-18T20:43:00.461+0000] {taskinstance.py:2480} INFO - Exporting env vars: AIRFLOW_CTX_DAG_OWNER='***' AIRFLOW_CTX_DAG_ID='api_dag' AIRFLOW_CTX_TASK_ID='insert_into_postgres' AIRFLOW_CTX_EXECUTION_DATE='2024-02-18T20:42:56.724926+00:00' AIRFLOW_CTX_TRY_NUMBER='1' AIRFLOW_CTX_DAG_RUN_ID='manual__2024-02-18T20:42:56.724926+00:00'
[2024-02-18T20:43:00.462+0000] {sql.py:276} INFO - Executing: INSERT INTO automezzo (id, telaio) VALUES (%(id)s, %(telaio)s);
[2024-02-18T20:43:00.469+0000] {base.py:83} INFO - Using connection ID 'postgres_conn' for task execution.
[2024-02-18T20:43:00.476+0000] {base.py:83} INFO - Using connection ID 'postgres_conn' for task execution.
[2024-02-18T20:43:01.353+0000] {sql.py:450} INFO - Running statement: INSERT INTO automezzo (id, telaio) VALUES (%(id)s, %(telaio)s);, parameters: {'id': <function extract_id at 0x7f4939c3faf0>, 'telaio': '233015'}
[2024-02-18T20:43:01.354+0000] {taskinstance.py:2698} ERROR - Task failed with exception
Traceback (most recent call last):
  File "/home/airflow/.local/lib/python3.8/site-packages/airflow/models/taskinstance.py", line 433, in _execute_task
    result = execute_callable(context=context, **execute_callable_kwargs)
  File "/home/airflow/.local/lib/python3.8/site-packages/airflow/providers/common/sql/operators/sql.py", line 282, in execute
    output = hook.run(
  File "/home/airflow/.local/lib/python3.8/site-packages/airflow/providers/common/sql/hooks/sql.py", line 398, in run
    self._run_command(cur, sql_statement, parameters)
  File "/home/airflow/.local/lib/python3.8/site-packages/airflow/providers/common/sql/hooks/sql.py", line 453, in _run_command
    cur.execute(sql_statement, parameters)
psycopg2.ProgrammingError: can't adapt type 'function'
[2024-02-18T20:43:01.364+0000] {taskinstance.py:1138} INFO - Marking task as FAILED. dag_id=api_dag, task_id=insert_into_postgres, execution_date=20240218T204256, start_date=20240218T204300, end_date=20240218T204301
[2024-02-18T20:43:01.382+0000] {standard_task_runner.py:107} ERROR - Failed to execute job 112 for task insert_into_postgres (can't adapt type 'function'; 5020)
[2024-02-18T20:43:01.424+0000] {local_task_job_runner.py:234} INFO - Task exited with return code 1
[2024-02-18T20:43:01.446+0000] {taskinstance.py:3280} INFO - 0 downstream tasks scheduled from follow-on schedule check
