[2024-02-24T10:55:01.280+0000] {taskinstance.py:1956} INFO - Dependencies all met for dep_context=non-requeueable deps ti=<TaskInstance: api_dag.extract_csv_data_task manual__2024-02-24T10:54:58.117874+00:00 [queued]>
[2024-02-24T10:55:01.286+0000] {taskinstance.py:1956} INFO - Dependencies all met for dep_context=requeueable deps ti=<TaskInstance: api_dag.extract_csv_data_task manual__2024-02-24T10:54:58.117874+00:00 [queued]>
[2024-02-24T10:55:01.286+0000] {taskinstance.py:2170} INFO - Starting attempt 1 of 1
[2024-02-24T10:55:01.295+0000] {taskinstance.py:2191} INFO - Executing <Task(PythonOperator): extract_csv_data_task> on 2024-02-24 10:54:58.117874+00:00
[2024-02-24T10:55:01.299+0000] {standard_task_runner.py:60} INFO - Started process 1476 to run task
[2024-02-24T10:55:01.302+0000] {standard_task_runner.py:87} INFO - Running: ['***', 'tasks', 'run', 'api_dag', 'extract_csv_data_task', 'manual__2024-02-24T10:54:58.117874+00:00', '--job-id', '533', '--raw', '--subdir', 'DAGS_FOLDER/api_dag.py', '--cfg-path', '/tmp/tmpnphdo_qn']
[2024-02-24T10:55:01.303+0000] {standard_task_runner.py:88} INFO - Job 533: Subtask extract_csv_data_task
[2024-02-24T10:55:01.336+0000] {task_command.py:423} INFO - Running <TaskInstance: api_dag.extract_csv_data_task manual__2024-02-24T10:54:58.117874+00:00 [running]> on host 614a08523528
[2024-02-24T10:55:01.394+0000] {taskinstance.py:2480} INFO - Exporting env vars: AIRFLOW_CTX_DAG_OWNER='***' AIRFLOW_CTX_DAG_ID='api_dag' AIRFLOW_CTX_TASK_ID='extract_csv_data_task' AIRFLOW_CTX_EXECUTION_DATE='2024-02-24T10:54:58.117874+00:00' AIRFLOW_CTX_TRY_NUMBER='1' AIRFLOW_CTX_DAG_RUN_ID='manual__2024-02-24T10:54:58.117874+00:00'
[2024-02-24T10:55:01.406+0000] {logging_mixin.py:188} INFO - <bound method NDFrame.head of     Mezzo  kmTotali
0  233015  968.6 km
1  233015  968.6 km
2  233015  968.6 km
3  233015  968.6 km>
[2024-02-24T10:55:01.407+0000] {python.py:201} INFO - Done. Returned value was:     Mezzo  kmTotali
0  233015  968.6 km
1  233015  968.6 km
2  233015  968.6 km
3  233015  968.6 km
[2024-02-24T10:55:01.437+0000] {taskinstance.py:1138} INFO - Marking task as SUCCESS. dag_id=api_dag, task_id=extract_csv_data_task, execution_date=20240224T105458, start_date=20240224T105501, end_date=20240224T105501
[2024-02-24T10:55:01.474+0000] {local_task_job_runner.py:234} INFO - Task exited with return code 0
[2024-02-24T10:55:01.489+0000] {taskinstance.py:3280} INFO - 1 downstream tasks scheduled from follow-on schedule check
