[2024-02-24T15:46:54.386+0000] {taskinstance.py:1956} INFO - Dependencies all met for dep_context=non-requeueable deps ti=<TaskInstance: api_dag.transform_data_task manual__2024-02-24T15:46:49.327530+00:00 [queued]>
[2024-02-24T15:46:54.393+0000] {taskinstance.py:1956} INFO - Dependencies all met for dep_context=requeueable deps ti=<TaskInstance: api_dag.transform_data_task manual__2024-02-24T15:46:49.327530+00:00 [queued]>
[2024-02-24T15:46:54.393+0000] {taskinstance.py:2170} INFO - Starting attempt 1 of 1
[2024-02-24T15:46:54.412+0000] {taskinstance.py:2191} INFO - Executing <Task(PythonOperator): transform_data_task> on 2024-02-24 15:46:49.327530+00:00
[2024-02-24T15:46:54.418+0000] {standard_task_runner.py:60} INFO - Started process 1532 to run task
[2024-02-24T15:46:54.421+0000] {standard_task_runner.py:87} INFO - Running: ['***', 'tasks', 'run', 'api_dag', 'transform_data_task', 'manual__2024-02-24T15:46:49.327530+00:00', '--job-id', '703', '--raw', '--subdir', 'DAGS_FOLDER/api_dag.py', '--cfg-path', '/tmp/tmp02i4bp6l']
[2024-02-24T15:46:54.423+0000] {standard_task_runner.py:88} INFO - Job 703: Subtask transform_data_task
[2024-02-24T15:46:54.462+0000] {task_command.py:423} INFO - Running <TaskInstance: api_dag.transform_data_task manual__2024-02-24T15:46:49.327530+00:00 [running]> on host 614a08523528
[2024-02-24T15:46:54.527+0000] {taskinstance.py:2480} INFO - Exporting env vars: AIRFLOW_CTX_DAG_OWNER='***' AIRFLOW_CTX_DAG_ID='api_dag' AIRFLOW_CTX_TASK_ID='transform_data_task' AIRFLOW_CTX_EXECUTION_DATE='2024-02-24T15:46:49.327530+00:00' AIRFLOW_CTX_TRY_NUMBER='1' AIRFLOW_CTX_DAG_RUN_ID='manual__2024-02-24T15:46:49.327530+00:00'
[2024-02-24T15:46:54.567+0000] {taskinstance.py:2698} ERROR - Task failed with exception
Traceback (most recent call last):
  File "/home/airflow/.local/lib/python3.8/site-packages/airflow/models/taskinstance.py", line 433, in _execute_task
    result = execute_callable(context=context, **execute_callable_kwargs)
  File "/home/airflow/.local/lib/python3.8/site-packages/airflow/operators/python.py", line 199, in execute
    return_value = self.execute_callable()
  File "/home/airflow/.local/lib/python3.8/site-packages/airflow/operators/python.py", line 216, in execute_callable
    return self.python_callable(*self.op_args, **self.op_kwargs)
  File "/opt/airflow/dags/api_dag.py", line 23, in transform_data
    transformed_api = [{'idMezzo': item['idMezzo'], 'kmTotali': item['kmTotali']} for item in extracted_data]
  File "/opt/airflow/dags/api_dag.py", line 23, in <listcomp>
    transformed_api = [{'idMezzo': item['idMezzo'], 'kmTotali': item['kmTotali']} for item in extracted_data]
KeyError: 'kmTotali'
[2024-02-24T15:46:54.576+0000] {taskinstance.py:1138} INFO - Marking task as FAILED. dag_id=api_dag, task_id=transform_data_task, execution_date=20240224T154649, start_date=20240224T154654, end_date=20240224T154654
[2024-02-24T15:46:54.588+0000] {standard_task_runner.py:107} ERROR - Failed to execute job 703 for task transform_data_task ('kmTotali'; 1532)
[2024-02-24T15:46:54.634+0000] {local_task_job_runner.py:234} INFO - Task exited with return code 1
[2024-02-24T15:46:54.657+0000] {taskinstance.py:3280} INFO - 0 downstream tasks scheduled from follow-on schedule check
