[2024-02-25T17:53:40.851+0000] {taskinstance.py:1956} INFO - Dependencies all met for dep_context=non-requeueable deps ti=<TaskInstance: api_dag.transform_load_data_task manual__2024-02-25T17:53:34.495209+00:00 [queued]>
[2024-02-25T17:53:40.864+0000] {taskinstance.py:1956} INFO - Dependencies all met for dep_context=requeueable deps ti=<TaskInstance: api_dag.transform_load_data_task manual__2024-02-25T17:53:34.495209+00:00 [queued]>
[2024-02-25T17:53:40.864+0000] {taskinstance.py:2170} INFO - Starting attempt 1 of 1
[2024-02-25T17:53:40.874+0000] {taskinstance.py:2191} INFO - Executing <Task(PythonOperator): transform_load_data_task> on 2024-02-25 17:53:34.495209+00:00
[2024-02-25T17:53:40.879+0000] {standard_task_runner.py:60} INFO - Started process 1791 to run task
[2024-02-25T17:53:40.883+0000] {standard_task_runner.py:87} INFO - Running: ['***', 'tasks', 'run', 'api_dag', 'transform_load_data_task', 'manual__2024-02-25T17:53:34.495209+00:00', '--job-id', '878', '--raw', '--subdir', 'DAGS_FOLDER/api_dag.py', '--cfg-path', '/tmp/tmpvi_kau1a']
[2024-02-25T17:53:40.884+0000] {standard_task_runner.py:88} INFO - Job 878: Subtask transform_load_data_task
[2024-02-25T17:53:40.953+0000] {task_command.py:423} INFO - Running <TaskInstance: api_dag.transform_load_data_task manual__2024-02-25T17:53:34.495209+00:00 [running]> on host de95639e105a
[2024-02-25T17:53:41.030+0000] {taskinstance.py:2480} INFO - Exporting env vars: AIRFLOW_CTX_DAG_OWNER='***' AIRFLOW_CTX_DAG_ID='api_dag' AIRFLOW_CTX_TASK_ID='transform_load_data_task' AIRFLOW_CTX_EXECUTION_DATE='2024-02-25T17:53:34.495209+00:00' AIRFLOW_CTX_TRY_NUMBER='1' AIRFLOW_CTX_DAG_RUN_ID='manual__2024-02-25T17:53:34.495209+00:00'
[2024-02-25T17:53:41.133+0000] {taskinstance.py:2698} ERROR - Task failed with exception
Traceback (most recent call last):
  File "/home/airflow/.local/lib/python3.8/site-packages/pandas/core/indexes/base.py", line 3653, in get_loc
    return self._engine.get_loc(casted_key)
  File "pandas/_libs/index.pyx", line 147, in pandas._libs.index.IndexEngine.get_loc
  File "pandas/_libs/index.pyx", line 176, in pandas._libs.index.IndexEngine.get_loc
  File "pandas/_libs/hashtable_class_helper.pxi", line 7080, in pandas._libs.hashtable.PyObjectHashTable.get_item
  File "pandas/_libs/hashtable_class_helper.pxi", line 7088, in pandas._libs.hashtable.PyObjectHashTable.get_item
KeyError: 'Data (UTC+01:00)'

The above exception was the direct cause of the following exception:

Traceback (most recent call last):
  File "/home/airflow/.local/lib/python3.8/site-packages/airflow/models/taskinstance.py", line 433, in _execute_task
    result = execute_callable(context=context, **execute_callable_kwargs)
  File "/home/airflow/.local/lib/python3.8/site-packages/airflow/operators/python.py", line 199, in execute
    return_value = self.execute_callable()
  File "/home/airflow/.local/lib/python3.8/site-packages/airflow/operators/python.py", line 216, in execute_callable
    return self.python_callable(*self.op_args, **self.op_kwargs)
  File "/opt/airflow/dags/api_dag.py", line 44, in transform_data
    df_csv4['Data (UTC+01:00)'] = df_csv4['Data (UTC+01:00)'].apply(
  File "/home/airflow/.local/lib/python3.8/site-packages/pandas/core/frame.py", line 3761, in __getitem__
    indexer = self.columns.get_loc(key)
  File "/home/airflow/.local/lib/python3.8/site-packages/pandas/core/indexes/base.py", line 3655, in get_loc
    raise KeyError(key) from err
KeyError: 'Data (UTC+01:00)'
[2024-02-25T17:53:41.144+0000] {taskinstance.py:1138} INFO - Marking task as FAILED. dag_id=api_dag, task_id=transform_load_data_task, execution_date=20240225T175334, start_date=20240225T175340, end_date=20240225T175341
[2024-02-25T17:53:41.162+0000] {standard_task_runner.py:107} ERROR - Failed to execute job 878 for task transform_load_data_task ('Data (UTC+01:00)'; 1791)
[2024-02-25T17:53:41.179+0000] {local_task_job_runner.py:234} INFO - Task exited with return code 1
[2024-02-25T17:53:41.193+0000] {taskinstance.py:3280} INFO - 0 downstream tasks scheduled from follow-on schedule check
