[2024-02-18T19:34:22.771+0000] {taskinstance.py:1956} INFO - Dependencies all met for dep_context=non-requeueable deps ti=<TaskInstance: api_dag.load_data_task manual__2024-02-18T19:34:16.719220+00:00 [queued]>
[2024-02-18T19:34:22.789+0000] {taskinstance.py:1956} INFO - Dependencies all met for dep_context=requeueable deps ti=<TaskInstance: api_dag.load_data_task manual__2024-02-18T19:34:16.719220+00:00 [queued]>
[2024-02-18T19:34:22.789+0000] {taskinstance.py:2170} INFO - Starting attempt 1 of 1
[2024-02-18T19:34:22.803+0000] {taskinstance.py:2191} INFO - Executing <Task(PostgresOperator): load_data_task> on 2024-02-18 19:34:16.719220+00:00
[2024-02-18T19:34:22.808+0000] {standard_task_runner.py:60} INFO - Started process 3818 to run task
[2024-02-18T19:34:22.812+0000] {standard_task_runner.py:87} INFO - Running: ['***', 'tasks', 'run', 'api_dag', 'load_data_task', 'manual__2024-02-18T19:34:16.719220+00:00', '--job-id', '54', '--raw', '--subdir', 'DAGS_FOLDER/api_dag.py', '--cfg-path', '/tmp/tmpk3ksgvdc']
[2024-02-18T19:34:22.813+0000] {standard_task_runner.py:88} INFO - Job 54: Subtask load_data_task
[2024-02-18T19:34:22.854+0000] {task_command.py:423} INFO - Running <TaskInstance: api_dag.load_data_task manual__2024-02-18T19:34:16.719220+00:00 [running]> on host 482b276ff4ae
[2024-02-18T19:34:22.920+0000] {taskinstance.py:2480} INFO - Exporting env vars: AIRFLOW_CTX_DAG_OWNER='***' AIRFLOW_CTX_DAG_ID='api_dag' AIRFLOW_CTX_TASK_ID='load_data_task' AIRFLOW_CTX_EXECUTION_DATE='2024-02-18T19:34:16.719220+00:00' AIRFLOW_CTX_TRY_NUMBER='1' AIRFLOW_CTX_DAG_RUN_ID='manual__2024-02-18T19:34:16.719220+00:00'
[2024-02-18T19:34:22.921+0000] {sql.py:276} INFO - Executing: INSERT INTO automezzo (id) VALUES (load_data);
[2024-02-18T19:34:22.928+0000] {base.py:83} INFO - Using connection ID 'postgres_conn' for task execution.
[2024-02-18T19:34:22.934+0000] {base.py:83} INFO - Using connection ID 'postgres_conn' for task execution.
[2024-02-18T19:34:25.236+0000] {sql.py:450} INFO - Running statement: INSERT INTO automezzo (id) VALUES (load_data);, parameters: None
[2024-02-18T19:34:25.645+0000] {taskinstance.py:2698} ERROR - Task failed with exception
Traceback (most recent call last):
  File "/home/airflow/.local/lib/python3.8/site-packages/airflow/models/taskinstance.py", line 433, in _execute_task
    result = execute_callable(context=context, **execute_callable_kwargs)
  File "/home/airflow/.local/lib/python3.8/site-packages/airflow/providers/common/sql/operators/sql.py", line 282, in execute
    output = hook.run(
  File "/home/airflow/.local/lib/python3.8/site-packages/airflow/providers/common/sql/hooks/sql.py", line 398, in run
    self._run_command(cur, sql_statement, parameters)
  File "/home/airflow/.local/lib/python3.8/site-packages/airflow/providers/common/sql/hooks/sql.py", line 455, in _run_command
    cur.execute(sql_statement)
psycopg2.errors.UndefinedColumn: column "load_data" does not exist
LINE 1: INSERT INTO automezzo (id) VALUES (load_data);
                                           ^

[2024-02-18T19:34:25.653+0000] {taskinstance.py:1138} INFO - Marking task as FAILED. dag_id=api_dag, task_id=load_data_task, execution_date=20240218T193416, start_date=20240218T193422, end_date=20240218T193425
[2024-02-18T19:34:25.667+0000] {standard_task_runner.py:107} ERROR - Failed to execute job 54 for task load_data_task (column "load_data" does not exist
LINE 1: INSERT INTO automezzo (id) VALUES (load_data);
                                           ^
; 3818)
[2024-02-18T19:34:25.685+0000] {local_task_job_runner.py:234} INFO - Task exited with return code 1
[2024-02-18T19:34:25.702+0000] {taskinstance.py:3280} INFO - 0 downstream tasks scheduled from follow-on schedule check
