[2024-02-18T21:30:23.732+0000] {taskinstance.py:1956} INFO - Dependencies all met for dep_context=non-requeueable deps ti=<TaskInstance: api_dag.transform_data_task manual__2024-02-18T21:30:20.674628+00:00 [queued]>
[2024-02-18T21:30:23.737+0000] {taskinstance.py:1956} INFO - Dependencies all met for dep_context=requeueable deps ti=<TaskInstance: api_dag.transform_data_task manual__2024-02-18T21:30:20.674628+00:00 [queued]>
[2024-02-18T21:30:23.737+0000] {taskinstance.py:2170} INFO - Starting attempt 1 of 1
[2024-02-18T21:30:23.745+0000] {taskinstance.py:2191} INFO - Executing <Task(PythonOperator): transform_data_task> on 2024-02-18 21:30:20.674628+00:00
[2024-02-18T21:30:23.750+0000] {standard_task_runner.py:60} INFO - Started process 5862 to run task
[2024-02-18T21:30:23.752+0000] {standard_task_runner.py:87} INFO - Running: ['***', 'tasks', 'run', 'api_dag', 'transform_data_task', 'manual__2024-02-18T21:30:20.674628+00:00', '--job-id', '151', '--raw', '--subdir', 'DAGS_FOLDER/api_dag.py', '--cfg-path', '/tmp/tmpy3lg69cj']
[2024-02-18T21:30:23.753+0000] {standard_task_runner.py:88} INFO - Job 151: Subtask transform_data_task
[2024-02-18T21:30:23.781+0000] {task_command.py:423} INFO - Running <TaskInstance: api_dag.transform_data_task manual__2024-02-18T21:30:20.674628+00:00 [running]> on host 482b276ff4ae
[2024-02-18T21:30:23.833+0000] {taskinstance.py:2480} INFO - Exporting env vars: AIRFLOW_CTX_DAG_OWNER='***' AIRFLOW_CTX_DAG_ID='api_dag' AIRFLOW_CTX_TASK_ID='transform_data_task' AIRFLOW_CTX_EXECUTION_DATE='2024-02-18T21:30:20.674628+00:00' AIRFLOW_CTX_TRY_NUMBER='1' AIRFLOW_CTX_DAG_RUN_ID='manual__2024-02-18T21:30:20.674628+00:00'
[2024-02-18T21:30:23.855+0000] {base.py:83} INFO - Using connection ID 'postgres_conn' for task execution.
[2024-02-18T21:31:13.822+0000] {taskinstance.py:2698} ERROR - Task failed with exception
Traceback (most recent call last):
  File "/home/airflow/.local/lib/python3.8/site-packages/airflow/models/taskinstance.py", line 433, in _execute_task
    result = execute_callable(context=context, **execute_callable_kwargs)
  File "/home/airflow/.local/lib/python3.8/site-packages/airflow/operators/python.py", line 199, in execute
    return_value = self.execute_callable()
  File "/home/airflow/.local/lib/python3.8/site-packages/airflow/operators/python.py", line 216, in execute_callable
    return self.python_callable(*self.op_args, **self.op_kwargs)
  File "/opt/airflow/dags/api_dag.py", line 21, in transform_data
    conn = pg_hook.get_conn()
  File "/home/airflow/.local/lib/python3.8/site-packages/airflow/providers/postgres/hooks/postgres.py", line 158, in get_conn
    self.conn = psycopg2.connect(**conn_args)
  File "/home/airflow/.local/lib/python3.8/site-packages/psycopg2/__init__.py", line 122, in connect
    conn = _connect(dsn, connection_factory=connection_factory, **kwasync)
psycopg2.OperationalError: connection to server at "dumbo.db.elephantsql.com" (52.232.2.252), port 5432 failed: SSL SYSCALL error: Success
connection to server at "dumbo.db.elephantsql.com" (52.232.2.252), port 5432 failed: server closed the connection unexpectedly
	This probably means the server terminated abnormally
	before or while processing the request.

[2024-02-18T21:31:13.831+0000] {taskinstance.py:1138} INFO - Marking task as FAILED. dag_id=api_dag, task_id=transform_data_task, execution_date=20240218T213020, start_date=20240218T213023, end_date=20240218T213113
[2024-02-18T21:31:13.843+0000] {standard_task_runner.py:107} ERROR - Failed to execute job 151 for task transform_data_task (connection to server at "dumbo.db.elephantsql.com" (52.232.2.252), port 5432 failed: SSL SYSCALL error: Success
connection to server at "dumbo.db.elephantsql.com" (52.232.2.252), port 5432 failed: server closed the connection unexpectedly
	This probably means the server terminated abnormally
	before or while processing the request.
; 5862)
[2024-02-18T21:31:13.850+0000] {local_task_job_runner.py:234} INFO - Task exited with return code 1
[2024-02-18T21:31:13.864+0000] {taskinstance.py:3280} INFO - 0 downstream tasks scheduled from follow-on schedule check
