[2024-02-24T11:26:00.870+0000] {taskinstance.py:1956} INFO - Dependencies all met for dep_context=non-requeueable deps ti=<TaskInstance: api_dag.transform_load_data_task manual__2024-02-24T11:25:55.965023+00:00 [queued]>
[2024-02-24T11:26:00.875+0000] {taskinstance.py:1956} INFO - Dependencies all met for dep_context=requeueable deps ti=<TaskInstance: api_dag.transform_load_data_task manual__2024-02-24T11:25:55.965023+00:00 [queued]>
[2024-02-24T11:26:00.875+0000] {taskinstance.py:2170} INFO - Starting attempt 1 of 1
[2024-02-24T11:26:00.882+0000] {taskinstance.py:2191} INFO - Executing <Task(PythonOperator): transform_load_data_task> on 2024-02-24 11:25:55.965023+00:00
[2024-02-24T11:26:00.887+0000] {standard_task_runner.py:60} INFO - Started process 2221 to run task
[2024-02-24T11:26:00.889+0000] {standard_task_runner.py:87} INFO - Running: ['***', 'tasks', 'run', 'api_dag', 'transform_load_data_task', 'manual__2024-02-24T11:25:55.965023+00:00', '--job-id', '597', '--raw', '--subdir', 'DAGS_FOLDER/api_dag.py', '--cfg-path', '/tmp/tmprs9ar4ne']
[2024-02-24T11:26:00.890+0000] {standard_task_runner.py:88} INFO - Job 597: Subtask transform_load_data_task
[2024-02-24T11:26:00.919+0000] {task_command.py:423} INFO - Running <TaskInstance: api_dag.transform_load_data_task manual__2024-02-24T11:25:55.965023+00:00 [running]> on host 614a08523528
[2024-02-24T11:26:00.968+0000] {taskinstance.py:2480} INFO - Exporting env vars: AIRFLOW_CTX_DAG_OWNER='***' AIRFLOW_CTX_DAG_ID='api_dag' AIRFLOW_CTX_TASK_ID='transform_load_data_task' AIRFLOW_CTX_EXECUTION_DATE='2024-02-24T11:25:55.965023+00:00' AIRFLOW_CTX_TRY_NUMBER='1' AIRFLOW_CTX_DAG_RUN_ID='manual__2024-02-24T11:25:55.965023+00:00'
[2024-02-24T11:26:00.997+0000] {logging_mixin.py:188} INFO - [{'idMezzo': 32678}]
[2024-02-24T11:26:01.002+0000] {logging_mixin.py:188} INFO -     Mezzo  kmTotali
0  233015  968.6 km
1  233015  968.6 km
2  233015  968.6 km
3  233015  968.6 km
[2024-02-24T11:26:01.002+0000] {logging_mixin.py:188} INFO - 0    233015
1    233015
2    233015
3    233015
Name: Mezzo, dtype: int64
[2024-02-24T11:26:01.004+0000] {logging_mixin.py:188} INFO -    idMezzo
0    32678
[2024-02-24T11:26:01.008+0000] {logging_mixin.py:188} INFO -       Mezzo  idMezzo
0  233015.0      NaN
1  233015.0      NaN
2  233015.0      NaN
3  233015.0      NaN
4       NaN  32678.0
[2024-02-24T11:26:04.703+0000] {python.py:201} INFO - Done. Returned value was: None
[2024-02-24T11:26:04.722+0000] {taskinstance.py:1138} INFO - Marking task as SUCCESS. dag_id=api_dag, task_id=transform_load_data_task, execution_date=20240224T112555, start_date=20240224T112600, end_date=20240224T112604
[2024-02-24T11:26:04.765+0000] {local_task_job_runner.py:234} INFO - Task exited with return code 0
[2024-02-24T11:26:04.789+0000] {taskinstance.py:3280} INFO - 0 downstream tasks scheduled from follow-on schedule check
