[2024-02-24T16:56:59.999+0000] {taskinstance.py:1956} INFO - Dependencies all met for dep_context=non-requeueable deps ti=<TaskInstance: api_dag.extract_csv_data_task manual__2024-02-24T16:56:56.309677+00:00 [queued]>
[2024-02-24T16:57:00.005+0000] {taskinstance.py:1956} INFO - Dependencies all met for dep_context=requeueable deps ti=<TaskInstance: api_dag.extract_csv_data_task manual__2024-02-24T16:56:56.309677+00:00 [queued]>
[2024-02-24T16:57:00.005+0000] {taskinstance.py:2170} INFO - Starting attempt 1 of 1
[2024-02-24T16:57:00.025+0000] {taskinstance.py:2191} INFO - Executing <Task(PythonOperator): extract_csv_data_task> on 2024-02-24 16:56:56.309677+00:00
[2024-02-24T16:57:00.031+0000] {standard_task_runner.py:60} INFO - Started process 3246 to run task
[2024-02-24T16:57:00.033+0000] {standard_task_runner.py:87} INFO - Running: ['***', 'tasks', 'run', 'api_dag', 'extract_csv_data_task', 'manual__2024-02-24T16:56:56.309677+00:00', '--job-id', '780', '--raw', '--subdir', 'DAGS_FOLDER/api_dag.py', '--cfg-path', '/tmp/tmpv0iwbjp8']
[2024-02-24T16:57:00.034+0000] {standard_task_runner.py:88} INFO - Job 780: Subtask extract_csv_data_task
[2024-02-24T16:57:00.073+0000] {task_command.py:423} INFO - Running <TaskInstance: api_dag.extract_csv_data_task manual__2024-02-24T16:56:56.309677+00:00 [running]> on host 614a08523528
[2024-02-24T16:57:00.134+0000] {taskinstance.py:2480} INFO - Exporting env vars: AIRFLOW_CTX_DAG_OWNER='***' AIRFLOW_CTX_DAG_ID='api_dag' AIRFLOW_CTX_TASK_ID='extract_csv_data_task' AIRFLOW_CTX_EXECUTION_DATE='2024-02-24T16:56:56.309677+00:00' AIRFLOW_CTX_TRY_NUMBER='1' AIRFLOW_CTX_DAG_RUN_ID='manual__2024-02-24T16:56:56.309677+00:00'
[2024-02-24T16:57:00.142+0000] {taskinstance.py:2698} ERROR - Task failed with exception
Traceback (most recent call last):
  File "/home/airflow/.local/lib/python3.8/site-packages/airflow/models/taskinstance.py", line 433, in _execute_task
    result = execute_callable(context=context, **execute_callable_kwargs)
  File "/home/airflow/.local/lib/python3.8/site-packages/airflow/operators/python.py", line 199, in execute
    return_value = self.execute_callable()
  File "/home/airflow/.local/lib/python3.8/site-packages/airflow/operators/python.py", line 216, in execute_callable
    return self.python_callable(*self.op_args, **self.op_kwargs)
  File "/opt/airflow/dags/api_dag.py", line 21, in extract_csv_data
    csv3_data = pd.read_csv(csv3_path_file)
  File "/home/airflow/.local/lib/python3.8/site-packages/pandas/io/parsers/readers.py", line 912, in read_csv
    return _read(filepath_or_buffer, kwds)
  File "/home/airflow/.local/lib/python3.8/site-packages/pandas/io/parsers/readers.py", line 583, in _read
    return parser.read(nrows)
  File "/home/airflow/.local/lib/python3.8/site-packages/pandas/io/parsers/readers.py", line 1704, in read
    ) = self._engine.read(  # type: ignore[attr-defined]
  File "/home/airflow/.local/lib/python3.8/site-packages/pandas/io/parsers/c_parser_wrapper.py", line 234, in read
    chunks = self._reader.read_low_memory(nrows)
  File "pandas/_libs/parsers.pyx", line 814, in pandas._libs.parsers.TextReader.read_low_memory
  File "pandas/_libs/parsers.pyx", line 875, in pandas._libs.parsers.TextReader._read_rows
  File "pandas/_libs/parsers.pyx", line 850, in pandas._libs.parsers.TextReader._tokenize_rows
  File "pandas/_libs/parsers.pyx", line 861, in pandas._libs.parsers.TextReader._check_tokenize_status
  File "pandas/_libs/parsers.pyx", line 2029, in pandas._libs.parsers.raise_parser_error
pandas.errors.ParserError: Error tokenizing data. C error: Expected 7 fields in line 3, saw 11

[2024-02-24T16:57:00.151+0000] {taskinstance.py:1138} INFO - Marking task as FAILED. dag_id=api_dag, task_id=extract_csv_data_task, execution_date=20240224T165656, start_date=20240224T165659, end_date=20240224T165700
[2024-02-24T16:57:00.161+0000] {standard_task_runner.py:107} ERROR - Failed to execute job 780 for task extract_csv_data_task (Error tokenizing data. C error: Expected 7 fields in line 3, saw 11
; 3246)
[2024-02-24T16:57:00.206+0000] {local_task_job_runner.py:234} INFO - Task exited with return code 1
[2024-02-24T16:57:00.222+0000] {taskinstance.py:3280} INFO - 0 downstream tasks scheduled from follow-on schedule check
