[2024-02-24T11:25:28.405+0000] {taskinstance.py:1956} INFO - Dependencies all met for dep_context=non-requeueable deps ti=<TaskInstance: api_dag.transform_load_data_task manual__2024-02-24T11:25:23.756281+00:00 [queued]>
[2024-02-24T11:25:28.410+0000] {taskinstance.py:1956} INFO - Dependencies all met for dep_context=requeueable deps ti=<TaskInstance: api_dag.transform_load_data_task manual__2024-02-24T11:25:23.756281+00:00 [queued]>
[2024-02-24T11:25:28.410+0000] {taskinstance.py:2170} INFO - Starting attempt 1 of 1
[2024-02-24T11:25:28.418+0000] {taskinstance.py:2191} INFO - Executing <Task(PythonOperator): transform_load_data_task> on 2024-02-24 11:25:23.756281+00:00
[2024-02-24T11:25:28.422+0000] {standard_task_runner.py:60} INFO - Started process 2200 to run task
[2024-02-24T11:25:28.425+0000] {standard_task_runner.py:87} INFO - Running: ['***', 'tasks', 'run', 'api_dag', 'transform_load_data_task', 'manual__2024-02-24T11:25:23.756281+00:00', '--job-id', '594', '--raw', '--subdir', 'DAGS_FOLDER/api_dag.py', '--cfg-path', '/tmp/tmparn740k6']
[2024-02-24T11:25:28.425+0000] {standard_task_runner.py:88} INFO - Job 594: Subtask transform_load_data_task
[2024-02-24T11:25:28.454+0000] {task_command.py:423} INFO - Running <TaskInstance: api_dag.transform_load_data_task manual__2024-02-24T11:25:23.756281+00:00 [running]> on host 614a08523528
[2024-02-24T11:25:28.504+0000] {taskinstance.py:2480} INFO - Exporting env vars: AIRFLOW_CTX_DAG_OWNER='***' AIRFLOW_CTX_DAG_ID='api_dag' AIRFLOW_CTX_TASK_ID='transform_load_data_task' AIRFLOW_CTX_EXECUTION_DATE='2024-02-24T11:25:23.756281+00:00' AIRFLOW_CTX_TRY_NUMBER='1' AIRFLOW_CTX_DAG_RUN_ID='manual__2024-02-24T11:25:23.756281+00:00'
[2024-02-24T11:25:28.535+0000] {logging_mixin.py:188} INFO - [{'idMezzo': 32678}]
[2024-02-24T11:25:28.539+0000] {logging_mixin.py:188} INFO -     Mezzo  kmTotali
0  233015  968.6 km
1  233015  968.6 km
2  233015  968.6 km
3  233015  968.6 km
[2024-02-24T11:25:28.540+0000] {logging_mixin.py:188} INFO - 0    233015
1    233015
2    233015
3    233015
Name: Mezzo, dtype: int64
[2024-02-24T11:25:28.542+0000] {logging_mixin.py:188} INFO -    idMezzo
0    32678
[2024-02-24T11:25:28.547+0000] {logging_mixin.py:188} INFO -       Mezzo  kmTotali  idMezzo
0  233015.0  968.6 km      NaN
1  233015.0  968.6 km      NaN
2  233015.0  968.6 km      NaN
3  233015.0  968.6 km      NaN
4       NaN       NaN  32678.0
[2024-02-24T11:25:32.309+0000] {python.py:201} INFO - Done. Returned value was: None
[2024-02-24T11:25:32.323+0000] {taskinstance.py:1138} INFO - Marking task as SUCCESS. dag_id=api_dag, task_id=transform_load_data_task, execution_date=20240224T112523, start_date=20240224T112528, end_date=20240224T112532
[2024-02-24T11:25:32.381+0000] {local_task_job_runner.py:234} INFO - Task exited with return code 0
[2024-02-24T11:25:32.406+0000] {taskinstance.py:3280} INFO - 0 downstream tasks scheduled from follow-on schedule check
