[2024-02-22T20:42:16.757+0000] {taskinstance.py:1956} INFO - Dependencies all met for dep_context=non-requeueable deps ti=<TaskInstance: api_dag.extract_csv_data_task manual__2024-02-22T20:42:13.283711+00:00 [queued]>
[2024-02-22T20:42:16.765+0000] {taskinstance.py:1956} INFO - Dependencies all met for dep_context=requeueable deps ti=<TaskInstance: api_dag.extract_csv_data_task manual__2024-02-22T20:42:13.283711+00:00 [queued]>
[2024-02-22T20:42:16.766+0000] {taskinstance.py:2170} INFO - Starting attempt 1 of 1
[2024-02-22T20:42:16.776+0000] {taskinstance.py:2191} INFO - Executing <Task(PythonOperator): extract_csv_data_task> on 2024-02-22 20:42:13.283711+00:00
[2024-02-22T20:42:16.782+0000] {standard_task_runner.py:60} INFO - Started process 4093 to run task
[2024-02-22T20:42:16.785+0000] {standard_task_runner.py:87} INFO - Running: ['***', 'tasks', 'run', 'api_dag', 'extract_csv_data_task', 'manual__2024-02-22T20:42:13.283711+00:00', '--job-id', '437', '--raw', '--subdir', 'DAGS_FOLDER/api_dag.py', '--cfg-path', '/tmp/tmpbxtw_ram']
[2024-02-22T20:42:16.786+0000] {standard_task_runner.py:88} INFO - Job 437: Subtask extract_csv_data_task
[2024-02-22T20:42:16.820+0000] {task_command.py:423} INFO - Running <TaskInstance: api_dag.extract_csv_data_task manual__2024-02-22T20:42:13.283711+00:00 [running]> on host 614a08523528
[2024-02-22T20:42:16.874+0000] {taskinstance.py:2480} INFO - Exporting env vars: AIRFLOW_CTX_DAG_OWNER='***' AIRFLOW_CTX_DAG_ID='api_dag' AIRFLOW_CTX_TASK_ID='extract_csv_data_task' AIRFLOW_CTX_EXECUTION_DATE='2024-02-22T20:42:13.283711+00:00' AIRFLOW_CTX_TRY_NUMBER='1' AIRFLOW_CTX_DAG_RUN_ID='manual__2024-02-22T20:42:13.283711+00:00'
[2024-02-22T20:42:16.884+0000] {logging_mixin.py:188} INFO - <bound method NDFrame.head of    233015  968,6 km
0  233015  968,6 km
1  233015  968,6 km
2  233015  968,6 km>
[2024-02-22T20:42:16.884+0000] {python.py:201} INFO - Done. Returned value was:    233015  968,6 km
0  233015  968,6 km
1  233015  968,6 km
2  233015  968,6 km
[2024-02-22T20:42:16.911+0000] {taskinstance.py:1138} INFO - Marking task as SUCCESS. dag_id=api_dag, task_id=extract_csv_data_task, execution_date=20240222T204213, start_date=20240222T204216, end_date=20240222T204216
[2024-02-22T20:42:16.958+0000] {local_task_job_runner.py:234} INFO - Task exited with return code 0
[2024-02-22T20:42:16.983+0000] {taskinstance.py:3280} INFO - 1 downstream tasks scheduled from follow-on schedule check
