[2024-02-22T20:06:48.872+0000] {taskinstance.py:1956} INFO - Dependencies all met for dep_context=non-requeueable deps ti=<TaskInstance: api_dag.extract_csv_data_task manual__2024-02-22T20:06:45.018224+00:00 [queued]>
[2024-02-22T20:06:48.879+0000] {taskinstance.py:1956} INFO - Dependencies all met for dep_context=requeueable deps ti=<TaskInstance: api_dag.extract_csv_data_task manual__2024-02-22T20:06:45.018224+00:00 [queued]>
[2024-02-22T20:06:48.880+0000] {taskinstance.py:2170} INFO - Starting attempt 1 of 1
[2024-02-22T20:06:48.895+0000] {taskinstance.py:2191} INFO - Executing <Task(PythonOperator): extract_csv_data_task> on 2024-02-22 20:06:45.018224+00:00
[2024-02-22T20:06:48.901+0000] {standard_task_runner.py:60} INFO - Started process 3182 to run task
[2024-02-22T20:06:48.905+0000] {standard_task_runner.py:87} INFO - Running: ['***', 'tasks', 'run', 'api_dag', 'extract_csv_data_task', 'manual__2024-02-22T20:06:45.018224+00:00', '--job-id', '365', '--raw', '--subdir', 'DAGS_FOLDER/api_dag.py', '--cfg-path', '/tmp/tmpzr9p39oe']
[2024-02-22T20:06:48.906+0000] {standard_task_runner.py:88} INFO - Job 365: Subtask extract_csv_data_task
[2024-02-22T20:06:48.955+0000] {task_command.py:423} INFO - Running <TaskInstance: api_dag.extract_csv_data_task manual__2024-02-22T20:06:45.018224+00:00 [running]> on host 614a08523528
[2024-02-22T20:06:49.039+0000] {taskinstance.py:2480} INFO - Exporting env vars: AIRFLOW_CTX_DAG_OWNER='***' AIRFLOW_CTX_DAG_ID='api_dag' AIRFLOW_CTX_TASK_ID='extract_csv_data_task' AIRFLOW_CTX_EXECUTION_DATE='2024-02-22T20:06:45.018224+00:00' AIRFLOW_CTX_TRY_NUMBER='1' AIRFLOW_CTX_DAG_RUN_ID='manual__2024-02-22T20:06:45.018224+00:00'
[2024-02-22T20:06:49.061+0000] {logging_mixin.py:188} INFO - <bound method NDFrame.head of      Mezzo  ... Sat
0   233015  ...   4
1   233015  ...  18
2   233015  ...  18
3   233015  ...  17
4   233015  ...  17
5   233015  ...  17
6   233015  ...   8
7   233015  ...  17
8   233015  ...  15
9   233015  ...  18
10  233015  ...  17

[11 rows x 8 columns]>
[2024-02-22T20:06:49.062+0000] {python.py:201} INFO - Done. Returned value was:      Mezzo  ... Sat
0   233015  ...   4
1   233015  ...  18
2   233015  ...  18
3   233015  ...  17
4   233015  ...  17
5   233015  ...  17
6   233015  ...   8
7   233015  ...  17
8   233015  ...  15
9   233015  ...  18
10  233015  ...  17

[11 rows x 8 columns]
[2024-02-22T20:06:49.112+0000] {taskinstance.py:1138} INFO - Marking task as SUCCESS. dag_id=api_dag, task_id=extract_csv_data_task, execution_date=20240222T200645, start_date=20240222T200648, end_date=20240222T200649
[2024-02-22T20:06:49.157+0000] {local_task_job_runner.py:234} INFO - Task exited with return code 0
[2024-02-22T20:06:49.179+0000] {taskinstance.py:3280} INFO - 1 downstream tasks scheduled from follow-on schedule check
