[2024-02-18T18:34:33.243+0000] {taskinstance.py:1956} INFO - Dependencies all met for dep_context=non-requeueable deps ti=<TaskInstance: api_dag.load_data_task manual__2024-02-18T18:34:26.706854+00:00 [queued]>
[2024-02-18T18:34:33.250+0000] {taskinstance.py:1956} INFO - Dependencies all met for dep_context=requeueable deps ti=<TaskInstance: api_dag.load_data_task manual__2024-02-18T18:34:26.706854+00:00 [queued]>
[2024-02-18T18:34:33.250+0000] {taskinstance.py:2170} INFO - Starting attempt 1 of 1
[2024-02-18T18:34:33.263+0000] {taskinstance.py:2191} INFO - Executing <Task(PostgresOperator): load_data_task> on 2024-02-18 18:34:26.706854+00:00
[2024-02-18T18:34:33.271+0000] {standard_task_runner.py:60} INFO - Started process 3141 to run task
[2024-02-18T18:34:33.279+0000] {standard_task_runner.py:87} INFO - Running: ['***', 'tasks', 'run', 'api_dag', 'load_data_task', 'manual__2024-02-18T18:34:26.706854+00:00', '--job-id', '24', '--raw', '--subdir', 'DAGS_FOLDER/api_dag.py', '--cfg-path', '/tmp/tmphnqklxic']
[2024-02-18T18:34:33.280+0000] {standard_task_runner.py:88} INFO - Job 24: Subtask load_data_task
[2024-02-18T18:34:33.364+0000] {task_command.py:423} INFO - Running <TaskInstance: api_dag.load_data_task manual__2024-02-18T18:34:26.706854+00:00 [running]> on host 482b276ff4ae
[2024-02-18T18:34:33.439+0000] {taskinstance.py:2480} INFO - Exporting env vars: AIRFLOW_CTX_DAG_OWNER='***' AIRFLOW_CTX_DAG_ID='api_dag' AIRFLOW_CTX_TASK_ID='load_data_task' AIRFLOW_CTX_EXECUTION_DATE='2024-02-18T18:34:26.706854+00:00' AIRFLOW_CTX_TRY_NUMBER='1' AIRFLOW_CTX_DAG_RUN_ID='manual__2024-02-18T18:34:26.706854+00:00'
[2024-02-18T18:34:33.441+0000] {sql.py:276} INFO - Executing: <function load_data at 0x7f4948367ee0>
[2024-02-18T18:34:33.454+0000] {taskinstance.py:2698} ERROR - Task failed with exception
Traceback (most recent call last):
  File "/home/airflow/.local/lib/python3.8/site-packages/airflow/models/taskinstance.py", line 433, in _execute_task
    result = execute_callable(context=context, **execute_callable_kwargs)
  File "/home/airflow/.local/lib/python3.8/site-packages/airflow/providers/common/sql/operators/sql.py", line 277, in execute
    hook = self.get_db_hook()
  File "/home/airflow/.local/lib/python3.8/site-packages/airflow/providers/common/sql/operators/sql.py", line 188, in get_db_hook
    return self._hook
  File "/usr/local/lib/python3.8/functools.py", line 967, in __get__
    val = self.func(instance)
  File "/home/airflow/.local/lib/python3.8/site-packages/airflow/providers/common/sql/operators/sql.py", line 150, in _hook
    conn = BaseHook.get_connection(conn_id)
  File "/home/airflow/.local/lib/python3.8/site-packages/airflow/hooks/base.py", line 82, in get_connection
    conn = Connection.get_connection_from_secrets(conn_id)
  File "/home/airflow/.local/lib/python3.8/site-packages/airflow/models/connection.py", line 479, in get_connection_from_secrets
    raise AirflowNotFoundException(f"The conn_id `{conn_id}` isn't defined")
airflow.exceptions.AirflowNotFoundException: The conn_id `postgres_default` isn't defined
[2024-02-18T18:34:33.458+0000] {taskinstance.py:1138} INFO - Marking task as FAILED. dag_id=api_dag, task_id=load_data_task, execution_date=20240218T183426, start_date=20240218T183433, end_date=20240218T183433
[2024-02-18T18:34:33.467+0000] {standard_task_runner.py:107} ERROR - Failed to execute job 24 for task load_data_task (The conn_id `postgres_default` isn't defined; 3141)
[2024-02-18T18:34:33.492+0000] {local_task_job_runner.py:234} INFO - Task exited with return code 1
[2024-02-18T18:34:33.518+0000] {taskinstance.py:3280} INFO - 0 downstream tasks scheduled from follow-on schedule check
