[2024-02-22T20:39:48.440+0000] {taskinstance.py:1956} INFO - Dependencies all met for dep_context=non-requeueable deps ti=<TaskInstance: api_dag.transform_load_data_task manual__2024-02-22T20:39:44.513024+00:00 [queued]>
[2024-02-22T20:39:48.447+0000] {taskinstance.py:1956} INFO - Dependencies all met for dep_context=requeueable deps ti=<TaskInstance: api_dag.transform_load_data_task manual__2024-02-22T20:39:44.513024+00:00 [queued]>
[2024-02-22T20:39:48.447+0000] {taskinstance.py:2170} INFO - Starting attempt 1 of 1
[2024-02-22T20:39:48.457+0000] {taskinstance.py:2191} INFO - Executing <Task(PythonOperator): transform_load_data_task> on 2024-02-22 20:39:44.513024+00:00
[2024-02-22T20:39:48.461+0000] {standard_task_runner.py:60} INFO - Started process 4030 to run task
[2024-02-22T20:39:48.463+0000] {standard_task_runner.py:87} INFO - Running: ['***', 'tasks', 'run', 'api_dag', 'transform_load_data_task', 'manual__2024-02-22T20:39:44.513024+00:00', '--job-id', '432', '--raw', '--subdir', 'DAGS_FOLDER/api_dag.py', '--cfg-path', '/tmp/tmpj2hhsosm']
[2024-02-22T20:39:48.464+0000] {standard_task_runner.py:88} INFO - Job 432: Subtask transform_load_data_task
[2024-02-22T20:39:48.495+0000] {task_command.py:423} INFO - Running <TaskInstance: api_dag.transform_load_data_task manual__2024-02-22T20:39:44.513024+00:00 [running]> on host 614a08523528
[2024-02-22T20:39:48.544+0000] {taskinstance.py:2480} INFO - Exporting env vars: AIRFLOW_CTX_DAG_OWNER='***' AIRFLOW_CTX_DAG_ID='api_dag' AIRFLOW_CTX_TASK_ID='transform_load_data_task' AIRFLOW_CTX_EXECUTION_DATE='2024-02-22T20:39:44.513024+00:00' AIRFLOW_CTX_TRY_NUMBER='1' AIRFLOW_CTX_DAG_RUN_ID='manual__2024-02-22T20:39:44.513024+00:00'
[2024-02-22T20:39:48.586+0000] {taskinstance.py:2698} ERROR - Task failed with exception
Traceback (most recent call last):
  File "/home/airflow/.local/lib/python3.8/site-packages/airflow/models/taskinstance.py", line 433, in _execute_task
    result = execute_callable(context=context, **execute_callable_kwargs)
  File "/home/airflow/.local/lib/python3.8/site-packages/airflow/operators/python.py", line 199, in execute
    return_value = self.execute_callable()
  File "/home/airflow/.local/lib/python3.8/site-packages/airflow/operators/python.py", line 216, in execute_callable
    return self.python_callable(*self.op_args, **self.op_kwargs)
  File "/opt/airflow/dags/api_dag.py", line 23, in transform_data
    if extracted_data & extracted_csv:
  File "/home/airflow/.local/lib/python3.8/site-packages/pandas/core/ops/common.py", line 81, in new_method
    return method(self, other)
  File "/home/airflow/.local/lib/python3.8/site-packages/pandas/core/arraylike.py", line 74, in __rand__
    return self._logical_method(other, roperator.rand_)
  File "/home/airflow/.local/lib/python3.8/site-packages/pandas/core/frame.py", line 7455, in _arith_method
    self, other = ops.align_method_FRAME(self, other, axis, flex=True, level=None)
  File "/home/airflow/.local/lib/python3.8/site-packages/pandas/core/ops/__init__.py", line 306, in align_method_FRAME
    right = to_series(right)
  File "/home/airflow/.local/lib/python3.8/site-packages/pandas/core/ops/__init__.py", line 252, in to_series
    raise ValueError(
ValueError: Unable to coerce to Series, length must be 2: given 1
[2024-02-22T20:39:48.594+0000] {taskinstance.py:1138} INFO - Marking task as FAILED. dag_id=api_dag, task_id=transform_load_data_task, execution_date=20240222T203944, start_date=20240222T203948, end_date=20240222T203948
[2024-02-22T20:39:48.602+0000] {standard_task_runner.py:107} ERROR - Failed to execute job 432 for task transform_load_data_task (Unable to coerce to Series, length must be 2: given 1; 4030)
[2024-02-22T20:39:48.637+0000] {local_task_job_runner.py:234} INFO - Task exited with return code 1
[2024-02-22T20:39:48.662+0000] {taskinstance.py:3280} INFO - 0 downstream tasks scheduled from follow-on schedule check
