[2024-02-24T15:07:37.122+0000] {taskinstance.py:1956} INFO - Dependencies all met for dep_context=non-requeueable deps ti=<TaskInstance: api_dag.transform_data_task manual__2024-02-24T15:07:31.369046+00:00 [queued]>
[2024-02-24T15:07:37.130+0000] {taskinstance.py:1956} INFO - Dependencies all met for dep_context=requeueable deps ti=<TaskInstance: api_dag.transform_data_task manual__2024-02-24T15:07:31.369046+00:00 [queued]>
[2024-02-24T15:07:37.130+0000] {taskinstance.py:2170} INFO - Starting attempt 1 of 1
[2024-02-24T15:07:37.148+0000] {taskinstance.py:2191} INFO - Executing <Task(PythonOperator): transform_data_task> on 2024-02-24 15:07:31.369046+00:00
[2024-02-24T15:07:37.156+0000] {standard_task_runner.py:60} INFO - Started process 772 to run task
[2024-02-24T15:07:37.166+0000] {standard_task_runner.py:87} INFO - Running: ['***', 'tasks', 'run', 'api_dag', 'transform_data_task', 'manual__2024-02-24T15:07:31.369046+00:00', '--job-id', '664', '--raw', '--subdir', 'DAGS_FOLDER/api_dag.py', '--cfg-path', '/tmp/tmprrt67u1_']
[2024-02-24T15:07:37.167+0000] {standard_task_runner.py:88} INFO - Job 664: Subtask transform_data_task
[2024-02-24T15:07:37.222+0000] {task_command.py:423} INFO - Running <TaskInstance: api_dag.transform_data_task manual__2024-02-24T15:07:31.369046+00:00 [running]> on host 614a08523528
[2024-02-24T15:07:37.300+0000] {taskinstance.py:2480} INFO - Exporting env vars: AIRFLOW_CTX_DAG_OWNER='***' AIRFLOW_CTX_DAG_ID='api_dag' AIRFLOW_CTX_TASK_ID='transform_data_task' AIRFLOW_CTX_EXECUTION_DATE='2024-02-24T15:07:31.369046+00:00' AIRFLOW_CTX_TRY_NUMBER='1' AIRFLOW_CTX_DAG_RUN_ID='manual__2024-02-24T15:07:31.369046+00:00'
[2024-02-24T15:07:37.361+0000] {logging_mixin.py:188} INFO - Index(['Mezzo', ' kmTotali'], dtype='object')
[2024-02-24T15:07:37.363+0000] {taskinstance.py:2698} ERROR - Task failed with exception
Traceback (most recent call last):
  File "/home/airflow/.local/lib/python3.8/site-packages/airflow/models/taskinstance.py", line 433, in _execute_task
    result = execute_callable(context=context, **execute_callable_kwargs)
  File "/home/airflow/.local/lib/python3.8/site-packages/airflow/operators/python.py", line 199, in execute
    return_value = self.execute_callable()
  File "/home/airflow/.local/lib/python3.8/site-packages/airflow/operators/python.py", line 216, in execute_callable
    return self.python_callable(*self.op_args, **self.op_kwargs)
  File "/opt/airflow/dags/api_dag.py", line 26, in transform_data
    selected_csv = df_csv[['Mezzo','kmTotali']]
  File "/home/airflow/.local/lib/python3.8/site-packages/pandas/core/frame.py", line 3767, in __getitem__
    indexer = self.columns._get_indexer_strict(key, "columns")[1]
  File "/home/airflow/.local/lib/python3.8/site-packages/pandas/core/indexes/base.py", line 5877, in _get_indexer_strict
    self._raise_if_missing(keyarr, indexer, axis_name)
  File "/home/airflow/.local/lib/python3.8/site-packages/pandas/core/indexes/base.py", line 5941, in _raise_if_missing
    raise KeyError(f"{not_found} not in index")
KeyError: "['kmTotali'] not in index"
[2024-02-24T15:07:37.372+0000] {taskinstance.py:1138} INFO - Marking task as FAILED. dag_id=api_dag, task_id=transform_data_task, execution_date=20240224T150731, start_date=20240224T150737, end_date=20240224T150737
[2024-02-24T15:07:37.382+0000] {standard_task_runner.py:107} ERROR - Failed to execute job 664 for task transform_data_task ("['kmTotali'] not in index"; 772)
[2024-02-24T15:07:37.414+0000] {local_task_job_runner.py:234} INFO - Task exited with return code 1
[2024-02-24T15:07:37.429+0000] {taskinstance.py:3280} INFO - 0 downstream tasks scheduled from follow-on schedule check
