[2024-02-24T11:28:48.464+0000] {taskinstance.py:1956} INFO - Dependencies all met for dep_context=non-requeueable deps ti=<TaskInstance: api_dag.transform_load_data_task manual__2024-02-24T11:28:43.828488+00:00 [queued]>
[2024-02-24T11:28:48.469+0000] {taskinstance.py:1956} INFO - Dependencies all met for dep_context=requeueable deps ti=<TaskInstance: api_dag.transform_load_data_task manual__2024-02-24T11:28:43.828488+00:00 [queued]>
[2024-02-24T11:28:48.470+0000] {taskinstance.py:2170} INFO - Starting attempt 1 of 1
[2024-02-24T11:28:48.477+0000] {taskinstance.py:2191} INFO - Executing <Task(PythonOperator): transform_load_data_task> on 2024-02-24 11:28:43.828488+00:00
[2024-02-24T11:28:48.482+0000] {standard_task_runner.py:60} INFO - Started process 2286 to run task
[2024-02-24T11:28:48.484+0000] {standard_task_runner.py:87} INFO - Running: ['***', 'tasks', 'run', 'api_dag', 'transform_load_data_task', 'manual__2024-02-24T11:28:43.828488+00:00', '--job-id', '603', '--raw', '--subdir', 'DAGS_FOLDER/api_dag.py', '--cfg-path', '/tmp/tmpb67qgc6h']
[2024-02-24T11:28:48.485+0000] {standard_task_runner.py:88} INFO - Job 603: Subtask transform_load_data_task
[2024-02-24T11:28:48.513+0000] {task_command.py:423} INFO - Running <TaskInstance: api_dag.transform_load_data_task manual__2024-02-24T11:28:43.828488+00:00 [running]> on host 614a08523528
[2024-02-24T11:28:48.561+0000] {taskinstance.py:2480} INFO - Exporting env vars: AIRFLOW_CTX_DAG_OWNER='***' AIRFLOW_CTX_DAG_ID='api_dag' AIRFLOW_CTX_TASK_ID='transform_load_data_task' AIRFLOW_CTX_EXECUTION_DATE='2024-02-24T11:28:43.828488+00:00' AIRFLOW_CTX_TRY_NUMBER='1' AIRFLOW_CTX_DAG_RUN_ID='manual__2024-02-24T11:28:43.828488+00:00'
[2024-02-24T11:28:48.592+0000] {logging_mixin.py:188} INFO - [{'idMezzo': 32678}]
[2024-02-24T11:28:48.596+0000] {logging_mixin.py:188} INFO -     Mezzo  kmTotali
0  233015  968.6 km
1  233015  968.6 km
2  233015  968.6 km
3  233015  968.6 km
[2024-02-24T11:28:48.597+0000] {logging_mixin.py:188} INFO - 0    233015
1    233015
2    233015
3    233015
Name: Mezzo, dtype: int64
[2024-02-24T11:28:48.599+0000] {logging_mixin.py:188} INFO -    idMezzo
0    32678
[2024-02-24T11:28:48.599+0000] {taskinstance.py:2698} ERROR - Task failed with exception
Traceback (most recent call last):
  File "/home/airflow/.local/lib/python3.8/site-packages/airflow/models/taskinstance.py", line 433, in _execute_task
    result = execute_callable(context=context, **execute_callable_kwargs)
  File "/home/airflow/.local/lib/python3.8/site-packages/airflow/operators/python.py", line 199, in execute
    return_value = self.execute_callable()
  File "/home/airflow/.local/lib/python3.8/site-packages/airflow/operators/python.py", line 216, in execute_callable
    return self.python_callable(*self.op_args, **self.op_kwargs)
  File "/opt/airflow/dags/api_dag.py", line 32, in transform_data
    merged_data = pd.merge(selected_csv, df_api, right_on='idMezzo', how='outer')
  File "/home/airflow/.local/lib/python3.8/site-packages/pandas/core/reshape/merge.py", line 148, in merge
    op = _MergeOperation(
  File "/home/airflow/.local/lib/python3.8/site-packages/pandas/core/reshape/merge.py", line 719, in __init__
    self.left_on, self.right_on = self._validate_left_right_on(left_on, right_on)
  File "/home/airflow/.local/lib/python3.8/site-packages/pandas/core/reshape/merge.py", line 1546, in _validate_left_right_on
    raise MergeError('Must pass "left_on" OR "left_index".')
pandas.errors.MergeError: Must pass "left_on" OR "left_index".
[2024-02-24T11:28:48.605+0000] {taskinstance.py:1138} INFO - Marking task as FAILED. dag_id=api_dag, task_id=transform_load_data_task, execution_date=20240224T112843, start_date=20240224T112848, end_date=20240224T112848
[2024-02-24T11:28:48.613+0000] {standard_task_runner.py:107} ERROR - Failed to execute job 603 for task transform_load_data_task (Must pass "left_on" OR "left_index".; 2286)
[2024-02-24T11:28:48.657+0000] {local_task_job_runner.py:234} INFO - Task exited with return code 1
[2024-02-24T11:28:48.677+0000] {taskinstance.py:3280} INFO - 0 downstream tasks scheduled from follow-on schedule check
