[2024-02-18T21:04:11.975+0000] {taskinstance.py:1956} INFO - Dependencies all met for dep_context=non-requeueable deps ti=<TaskInstance: api_dag.insert_into_postgres manual__2024-02-18T21:04:07.870928+00:00 [queued]>
[2024-02-18T21:04:11.981+0000] {taskinstance.py:1956} INFO - Dependencies all met for dep_context=requeueable deps ti=<TaskInstance: api_dag.insert_into_postgres manual__2024-02-18T21:04:07.870928+00:00 [queued]>
[2024-02-18T21:04:11.982+0000] {taskinstance.py:2170} INFO - Starting attempt 1 of 1
[2024-02-18T21:04:11.993+0000] {taskinstance.py:2191} INFO - Executing <Task(PostgresOperator): insert_into_postgres> on 2024-02-18 21:04:07.870928+00:00
[2024-02-18T21:04:11.998+0000] {standard_task_runner.py:60} INFO - Started process 5446 to run task
[2024-02-18T21:04:12.001+0000] {standard_task_runner.py:87} INFO - Running: ['***', 'tasks', 'run', 'api_dag', 'insert_into_postgres', 'manual__2024-02-18T21:04:07.870928+00:00', '--job-id', '146', '--raw', '--subdir', 'DAGS_FOLDER/api_dag.py', '--cfg-path', '/tmp/tmptirtk86k']
[2024-02-18T21:04:12.002+0000] {standard_task_runner.py:88} INFO - Job 146: Subtask insert_into_postgres
[2024-02-18T21:04:12.038+0000] {task_command.py:423} INFO - Running <TaskInstance: api_dag.insert_into_postgres manual__2024-02-18T21:04:07.870928+00:00 [running]> on host 482b276ff4ae
[2024-02-18T21:04:12.101+0000] {taskinstance.py:2480} INFO - Exporting env vars: AIRFLOW_CTX_DAG_OWNER='***' AIRFLOW_CTX_DAG_ID='api_dag' AIRFLOW_CTX_TASK_ID='insert_into_postgres' AIRFLOW_CTX_EXECUTION_DATE='2024-02-18T21:04:07.870928+00:00' AIRFLOW_CTX_TRY_NUMBER='1' AIRFLOW_CTX_DAG_RUN_ID='manual__2024-02-18T21:04:07.870928+00:00'
[2024-02-18T21:04:12.102+0000] {sql.py:276} INFO - Executing: INSERT INTO automezzo (id, telaio) VALUES (%(id)s, %(telaio)s);
[2024-02-18T21:04:12.108+0000] {base.py:83} INFO - Using connection ID 'postgres_conn' for task execution.
[2024-02-18T21:04:12.114+0000] {base.py:83} INFO - Using connection ID 'postgres_conn' for task execution.
[2024-02-18T21:04:12.928+0000] {sql.py:450} INFO - Running statement: INSERT INTO automezzo (id, telaio) VALUES (%(id)s, %(telaio)s);, parameters: (<function extract_id at 0x7f4948366f70>, '233015')
[2024-02-18T21:04:12.929+0000] {taskinstance.py:2698} ERROR - Task failed with exception
Traceback (most recent call last):
  File "/home/airflow/.local/lib/python3.8/site-packages/airflow/models/taskinstance.py", line 433, in _execute_task
    result = execute_callable(context=context, **execute_callable_kwargs)
  File "/home/airflow/.local/lib/python3.8/site-packages/airflow/providers/common/sql/operators/sql.py", line 282, in execute
    output = hook.run(
  File "/home/airflow/.local/lib/python3.8/site-packages/airflow/providers/common/sql/hooks/sql.py", line 398, in run
    self._run_command(cur, sql_statement, parameters)
  File "/home/airflow/.local/lib/python3.8/site-packages/airflow/providers/common/sql/hooks/sql.py", line 453, in _run_command
    cur.execute(sql_statement, parameters)
TypeError: 'set' object is not subscriptable
[2024-02-18T21:04:12.938+0000] {taskinstance.py:1138} INFO - Marking task as FAILED. dag_id=api_dag, task_id=insert_into_postgres, execution_date=20240218T210407, start_date=20240218T210411, end_date=20240218T210412
[2024-02-18T21:04:12.958+0000] {standard_task_runner.py:107} ERROR - Failed to execute job 146 for task insert_into_postgres ('set' object is not subscriptable; 5446)
[2024-02-18T21:04:12.980+0000] {local_task_job_runner.py:234} INFO - Task exited with return code 1
[2024-02-18T21:04:12.994+0000] {taskinstance.py:3280} INFO - 0 downstream tasks scheduled from follow-on schedule check
