[2024-02-18T15:34:25.714+0000] {taskinstance.py:1956} INFO - Dependencies all met for dep_context=non-requeueable deps ti=<TaskInstance: api_dag.is_dag_alive manual__2024-02-18T15:34:24.019879+00:00 [queued]>
[2024-02-18T15:34:25.719+0000] {taskinstance.py:1956} INFO - Dependencies all met for dep_context=requeueable deps ti=<TaskInstance: api_dag.is_dag_alive manual__2024-02-18T15:34:24.019879+00:00 [queued]>
[2024-02-18T15:34:25.719+0000] {taskinstance.py:2170} INFO - Starting attempt 1 of 1
[2024-02-18T15:34:25.727+0000] {taskinstance.py:2191} INFO - Executing <Task(HttpSensor): is_dag_alive> on 2024-02-18 15:34:24.019879+00:00
[2024-02-18T15:34:25.732+0000] {standard_task_runner.py:60} INFO - Started process 856 to run task
[2024-02-18T15:34:25.743+0000] {standard_task_runner.py:87} INFO - Running: ['***', 'tasks', 'run', 'api_dag', 'is_dag_alive', 'manual__2024-02-18T15:34:24.019879+00:00', '--job-id', '9', '--raw', '--subdir', 'DAGS_FOLDER/api_dag.py', '--cfg-path', '/tmp/tmp129cotlv']
[2024-02-18T15:34:25.745+0000] {standard_task_runner.py:88} INFO - Job 9: Subtask is_dag_alive
[2024-02-18T15:34:25.803+0000] {task_command.py:423} INFO - Running <TaskInstance: api_dag.is_dag_alive manual__2024-02-18T15:34:24.019879+00:00 [running]> on host 482b276ff4ae
[2024-02-18T15:34:25.859+0000] {taskinstance.py:2480} INFO - Exporting env vars: AIRFLOW_CTX_DAG_OWNER='***' AIRFLOW_CTX_DAG_ID='api_dag' AIRFLOW_CTX_TASK_ID='is_dag_alive' AIRFLOW_CTX_EXECUTION_DATE='2024-02-18T15:34:24.019879+00:00' AIRFLOW_CTX_TRY_NUMBER='1' AIRFLOW_CTX_DAG_RUN_ID='manual__2024-02-18T15:34:24.019879+00:00'
[2024-02-18T15:34:25.860+0000] {http.py:130} INFO - Poking: /owner/flotta/secret=EtyoDBgNKSWMfKiQXeGioRP7L
[2024-02-18T15:34:25.866+0000] {base.py:83} INFO - Using connection ID 'first_conn' for task execution.
[2024-02-18T15:34:26.072+0000] {http.py:178} ERROR - HTTP error: Not Found
[2024-02-18T15:34:26.073+0000] {http.py:179} ERROR - <!DOCTYPE html>
<html lang="en">
    <head>
        <meta charset="utf-8">
        <meta name="viewport" content="width=device-width, initial-scale=1">

        <title>Not Found</title>

        <!-- Fonts -->
        <link rel="dns-prefetch" href="//fonts.gstatic.com">
        <link href="https://fonts.googleapis.com/css?family=Nunito" rel="stylesheet">

        <!-- Styles -->
        <style>
            html, body {
                background-color: #fff;
                color: #636b6f;
                font-family: 'Nunito', sans-serif;
                font-weight: 100;
                height: 100vh;
                margin: 0;
            }

            .full-height {
                height: 100vh;
            }

            .flex-center {
                align-items: center;
                display: flex;
                justify-content: center;
            }

            .position-ref {
                position: relative;
            }

            .code {
                border-right: 2px solid;
                font-size: 26px;
                padding: 0 15px 0 15px;
                text-align: center;
            }

            .message {
                font-size: 18px;
                text-align: center;
            }
        </style>
    </head>
    <body>
        <div class="flex-center position-ref full-height">
            <div class="code">
                404            </div>

            <div class="message" style="padding: 10px;">
                Not Found            </div>
        </div>
    </body>
</html>

[2024-02-18T15:35:26.127+0000] {http.py:130} INFO - Poking: /owner/flotta/secret=EtyoDBgNKSWMfKiQXeGioRP7L
[2024-02-18T15:35:26.134+0000] {base.py:83} INFO - Using connection ID 'first_conn' for task execution.
[2024-02-18T15:35:26.321+0000] {http.py:178} ERROR - HTTP error: Not Found
[2024-02-18T15:35:26.322+0000] {http.py:179} ERROR - <!DOCTYPE html>
<html lang="en">
    <head>
        <meta charset="utf-8">
        <meta name="viewport" content="width=device-width, initial-scale=1">

        <title>Not Found</title>

        <!-- Fonts -->
        <link rel="dns-prefetch" href="//fonts.gstatic.com">
        <link href="https://fonts.googleapis.com/css?family=Nunito" rel="stylesheet">

        <!-- Styles -->
        <style>
            html, body {
                background-color: #fff;
                color: #636b6f;
                font-family: 'Nunito', sans-serif;
                font-weight: 100;
                height: 100vh;
                margin: 0;
            }

            .full-height {
                height: 100vh;
            }

            .flex-center {
                align-items: center;
                display: flex;
                justify-content: center;
            }

            .position-ref {
                position: relative;
            }

            .code {
                border-right: 2px solid;
                font-size: 26px;
                padding: 0 15px 0 15px;
                text-align: center;
            }

            .message {
                font-size: 18px;
                text-align: center;
            }
        </style>
    </head>
    <body>
        <div class="flex-center position-ref full-height">
            <div class="code">
                404            </div>

            <div class="message" style="padding: 10px;">
                Not Found            </div>
        </div>
    </body>
</html>

[2024-02-18T15:36:26.385+0000] {http.py:130} INFO - Poking: /owner/flotta/secret=EtyoDBgNKSWMfKiQXeGioRP7L
[2024-02-18T15:36:26.391+0000] {base.py:83} INFO - Using connection ID 'first_conn' for task execution.
[2024-02-18T15:36:26.618+0000] {http.py:178} ERROR - HTTP error: Not Found
[2024-02-18T15:36:26.619+0000] {http.py:179} ERROR - <!DOCTYPE html>
<html lang="en">
    <head>
        <meta charset="utf-8">
        <meta name="viewport" content="width=device-width, initial-scale=1">

        <title>Not Found</title>

        <!-- Fonts -->
        <link rel="dns-prefetch" href="//fonts.gstatic.com">
        <link href="https://fonts.googleapis.com/css?family=Nunito" rel="stylesheet">

        <!-- Styles -->
        <style>
            html, body {
                background-color: #fff;
                color: #636b6f;
                font-family: 'Nunito', sans-serif;
                font-weight: 100;
                height: 100vh;
                margin: 0;
            }

            .full-height {
                height: 100vh;
            }

            .flex-center {
                align-items: center;
                display: flex;
                justify-content: center;
            }

            .position-ref {
                position: relative;
            }

            .code {
                border-right: 2px solid;
                font-size: 26px;
                padding: 0 15px 0 15px;
                text-align: center;
            }

            .message {
                font-size: 18px;
                text-align: center;
            }
        </style>
    </head>
    <body>
        <div class="flex-center position-ref full-height">
            <div class="code">
                404            </div>

            <div class="message" style="padding: 10px;">
                Not Found            </div>
        </div>
    </body>
</html>

[2024-02-18T15:37:26.678+0000] {http.py:130} INFO - Poking: /owner/flotta/secret=EtyoDBgNKSWMfKiQXeGioRP7L
[2024-02-18T15:37:26.686+0000] {base.py:83} INFO - Using connection ID 'first_conn' for task execution.
[2024-02-18T15:37:26.892+0000] {http.py:178} ERROR - HTTP error: Not Found
[2024-02-18T15:37:26.893+0000] {http.py:179} ERROR - <!DOCTYPE html>
<html lang="en">
    <head>
        <meta charset="utf-8">
        <meta name="viewport" content="width=device-width, initial-scale=1">

        <title>Not Found</title>

        <!-- Fonts -->
        <link rel="dns-prefetch" href="//fonts.gstatic.com">
        <link href="https://fonts.googleapis.com/css?family=Nunito" rel="stylesheet">

        <!-- Styles -->
        <style>
            html, body {
                background-color: #fff;
                color: #636b6f;
                font-family: 'Nunito', sans-serif;
                font-weight: 100;
                height: 100vh;
                margin: 0;
            }

            .full-height {
                height: 100vh;
            }

            .flex-center {
                align-items: center;
                display: flex;
                justify-content: center;
            }

            .position-ref {
                position: relative;
            }

            .code {
                border-right: 2px solid;
                font-size: 26px;
                padding: 0 15px 0 15px;
                text-align: center;
            }

            .message {
                font-size: 18px;
                text-align: center;
            }
        </style>
    </head>
    <body>
        <div class="flex-center position-ref full-height">
            <div class="code">
                404            </div>

            <div class="message" style="padding: 10px;">
                Not Found            </div>
        </div>
    </body>
</html>

[2024-02-18T15:38:26.956+0000] {http.py:130} INFO - Poking: /owner/flotta/secret=EtyoDBgNKSWMfKiQXeGioRP7L
[2024-02-18T15:38:26.970+0000] {base.py:83} INFO - Using connection ID 'first_conn' for task execution.
[2024-02-18T15:38:27.146+0000] {http.py:178} ERROR - HTTP error: Not Found
[2024-02-18T15:38:27.146+0000] {http.py:179} ERROR - <!DOCTYPE html>
<html lang="en">
    <head>
        <meta charset="utf-8">
        <meta name="viewport" content="width=device-width, initial-scale=1">

        <title>Not Found</title>

        <!-- Fonts -->
        <link rel="dns-prefetch" href="//fonts.gstatic.com">
        <link href="https://fonts.googleapis.com/css?family=Nunito" rel="stylesheet">

        <!-- Styles -->
        <style>
            html, body {
                background-color: #fff;
                color: #636b6f;
                font-family: 'Nunito', sans-serif;
                font-weight: 100;
                height: 100vh;
                margin: 0;
            }

            .full-height {
                height: 100vh;
            }

            .flex-center {
                align-items: center;
                display: flex;
                justify-content: center;
            }

            .position-ref {
                position: relative;
            }

            .code {
                border-right: 2px solid;
                font-size: 26px;
                padding: 0 15px 0 15px;
                text-align: center;
            }

            .message {
                font-size: 18px;
                text-align: center;
            }
        </style>
    </head>
    <body>
        <div class="flex-center position-ref full-height">
            <div class="code">
                404            </div>

            <div class="message" style="padding: 10px;">
                Not Found            </div>
        </div>
    </body>
</html>

[2024-02-18T15:39:27.188+0000] {http.py:130} INFO - Poking: /owner/flotta/secret=EtyoDBgNKSWMfKiQXeGioRP7L
[2024-02-18T15:39:27.193+0000] {base.py:83} INFO - Using connection ID 'first_conn' for task execution.
[2024-02-18T15:39:27.374+0000] {http.py:178} ERROR - HTTP error: Not Found
[2024-02-18T15:39:27.375+0000] {http.py:179} ERROR - <!DOCTYPE html>
<html lang="en">
    <head>
        <meta charset="utf-8">
        <meta name="viewport" content="width=device-width, initial-scale=1">

        <title>Not Found</title>

        <!-- Fonts -->
        <link rel="dns-prefetch" href="//fonts.gstatic.com">
        <link href="https://fonts.googleapis.com/css?family=Nunito" rel="stylesheet">

        <!-- Styles -->
        <style>
            html, body {
                background-color: #fff;
                color: #636b6f;
                font-family: 'Nunito', sans-serif;
                font-weight: 100;
                height: 100vh;
                margin: 0;
            }

            .full-height {
                height: 100vh;
            }

            .flex-center {
                align-items: center;
                display: flex;
                justify-content: center;
            }

            .position-ref {
                position: relative;
            }

            .code {
                border-right: 2px solid;
                font-size: 26px;
                padding: 0 15px 0 15px;
                text-align: center;
            }

            .message {
                font-size: 18px;
                text-align: center;
            }
        </style>
    </head>
    <body>
        <div class="flex-center position-ref full-height">
            <div class="code">
                404            </div>

            <div class="message" style="padding: 10px;">
                Not Found            </div>
        </div>
    </body>
</html>

[2024-02-18T15:39:57.934+0000] {local_task_job_runner.py:302} WARNING - State of this instance has been externally set to removed. Terminating instance.
[2024-02-18T15:39:57.935+0000] {process_utils.py:131} INFO - Sending 15 to group 856. PIDs of all processes in the group: [856]
[2024-02-18T15:39:57.935+0000] {process_utils.py:86} INFO - Sending the signal 15 to group 856
[2024-02-18T15:39:57.935+0000] {taskinstance.py:2450} ERROR - Received SIGTERM. Terminating subprocesses.
[2024-02-18T15:39:57.962+0000] {process_utils.py:79} INFO - Process psutil.Process(pid=856, status='terminated', exitcode=0, started='15:34:25') (856) terminated with exit code 0
