[2024-02-24T17:03:51.537+0000] {taskinstance.py:1956} INFO - Dependencies all met for dep_context=non-requeueable deps ti=<TaskInstance: api_dag.extract_csv_data_task manual__2024-02-24T17:03:47.647391+00:00 [queued]>
[2024-02-24T17:03:51.542+0000] {taskinstance.py:1956} INFO - Dependencies all met for dep_context=requeueable deps ti=<TaskInstance: api_dag.extract_csv_data_task manual__2024-02-24T17:03:47.647391+00:00 [queued]>
[2024-02-24T17:03:51.543+0000] {taskinstance.py:2170} INFO - Starting attempt 1 of 1
[2024-02-24T17:03:51.551+0000] {taskinstance.py:2191} INFO - Executing <Task(PythonOperator): extract_csv_data_task> on 2024-02-24 17:03:47.647391+00:00
[2024-02-24T17:03:51.555+0000] {standard_task_runner.py:60} INFO - Started process 3373 to run task
[2024-02-24T17:03:51.558+0000] {standard_task_runner.py:87} INFO - Running: ['***', 'tasks', 'run', 'api_dag', 'extract_csv_data_task', 'manual__2024-02-24T17:03:47.647391+00:00', '--job-id', '788', '--raw', '--subdir', 'DAGS_FOLDER/api_dag.py', '--cfg-path', '/tmp/tmp2of2rcru']
[2024-02-24T17:03:51.558+0000] {standard_task_runner.py:88} INFO - Job 788: Subtask extract_csv_data_task
[2024-02-24T17:03:51.597+0000] {task_command.py:423} INFO - Running <TaskInstance: api_dag.extract_csv_data_task manual__2024-02-24T17:03:47.647391+00:00 [running]> on host 614a08523528
[2024-02-24T17:03:51.657+0000] {taskinstance.py:2480} INFO - Exporting env vars: AIRFLOW_CTX_DAG_OWNER='***' AIRFLOW_CTX_DAG_ID='api_dag' AIRFLOW_CTX_TASK_ID='extract_csv_data_task' AIRFLOW_CTX_EXECUTION_DATE='2024-02-24T17:03:47.647391+00:00' AIRFLOW_CTX_TRY_NUMBER='1' AIRFLOW_CTX_DAG_RUN_ID='manual__2024-02-24T17:03:47.647391+00:00'
[2024-02-24T17:03:51.666+0000] {taskinstance.py:2698} ERROR - Task failed with exception
Traceback (most recent call last):
  File "/home/airflow/.local/lib/python3.8/site-packages/airflow/models/taskinstance.py", line 433, in _execute_task
    result = execute_callable(context=context, **execute_callable_kwargs)
  File "/home/airflow/.local/lib/python3.8/site-packages/airflow/operators/python.py", line 199, in execute
    return_value = self.execute_callable()
  File "/home/airflow/.local/lib/python3.8/site-packages/airflow/operators/python.py", line 216, in execute_callable
    return self.python_callable(*self.op_args, **self.op_kwargs)
  File "/opt/airflow/dags/api_dag.py", line 23, in extract_csv_data
    return csv1_data, csv2_data, csv3_data, csv4_data
NameError: name 'csv3_data' is not defined
[2024-02-24T17:03:51.671+0000] {taskinstance.py:1138} INFO - Marking task as FAILED. dag_id=api_dag, task_id=extract_csv_data_task, execution_date=20240224T170347, start_date=20240224T170351, end_date=20240224T170351
[2024-02-24T17:03:51.678+0000] {standard_task_runner.py:107} ERROR - Failed to execute job 788 for task extract_csv_data_task (name 'csv3_data' is not defined; 3373)
[2024-02-24T17:03:51.690+0000] {local_task_job_runner.py:234} INFO - Task exited with return code 1
[2024-02-24T17:03:51.704+0000] {taskinstance.py:3280} INFO - 0 downstream tasks scheduled from follow-on schedule check
