[2024-02-22T19:33:31.851+0000] {taskinstance.py:1956} INFO - Dependencies all met for dep_context=non-requeueable deps ti=<TaskInstance: api_dag.extract_csv_data_task manual__2024-02-22T19:33:27.948445+00:00 [queued]>
[2024-02-22T19:33:31.858+0000] {taskinstance.py:1956} INFO - Dependencies all met for dep_context=requeueable deps ti=<TaskInstance: api_dag.extract_csv_data_task manual__2024-02-22T19:33:27.948445+00:00 [queued]>
[2024-02-22T19:33:31.859+0000] {taskinstance.py:2170} INFO - Starting attempt 1 of 1
[2024-02-22T19:33:31.870+0000] {taskinstance.py:2191} INFO - Executing <Task(PythonOperator): extract_csv_data_task> on 2024-02-22 19:33:27.948445+00:00
[2024-02-22T19:33:31.875+0000] {standard_task_runner.py:60} INFO - Started process 2380 to run task
[2024-02-22T19:33:31.878+0000] {standard_task_runner.py:87} INFO - Running: ['***', 'tasks', 'run', 'api_dag', 'extract_csv_data_task', 'manual__2024-02-22T19:33:27.948445+00:00', '--job-id', '315', '--raw', '--subdir', 'DAGS_FOLDER/api_dag.py', '--cfg-path', '/tmp/tmpozpgw3fx']
[2024-02-22T19:33:31.879+0000] {standard_task_runner.py:88} INFO - Job 315: Subtask extract_csv_data_task
[2024-02-22T19:33:31.922+0000] {task_command.py:423} INFO - Running <TaskInstance: api_dag.extract_csv_data_task manual__2024-02-22T19:33:27.948445+00:00 [running]> on host 614a08523528
[2024-02-22T19:33:31.994+0000] {taskinstance.py:2480} INFO - Exporting env vars: AIRFLOW_CTX_DAG_OWNER='***' AIRFLOW_CTX_DAG_ID='api_dag' AIRFLOW_CTX_TASK_ID='extract_csv_data_task' AIRFLOW_CTX_EXECUTION_DATE='2024-02-22T19:33:27.948445+00:00' AIRFLOW_CTX_TRY_NUMBER='1' AIRFLOW_CTX_DAG_RUN_ID='manual__2024-02-22T19:33:27.948445+00:00'
[2024-02-22T19:33:32.014+0000] {logging_mixin.py:188} INFO - <bound method NDFrame.head of      Mezzo  ... Sat
0   233015  ...   4
1   233015  ...  18
2   233015  ...  18
3   233015  ...  17
4   233015  ...  17
5   233015  ...  17
6   233015  ...   8
7   233015  ...  17
8   233015  ...  15
9   233015  ...  18
10  233015  ...  17

[11 rows x 8 columns]>
[2024-02-22T19:33:32.015+0000] {python.py:201} INFO - Done. Returned value was:      Mezzo  ... Sat
0   233015  ...   4
1   233015  ...  18
2   233015  ...  18
3   233015  ...  17
4   233015  ...  17
5   233015  ...  17
6   233015  ...   8
7   233015  ...  17
8   233015  ...  15
9   233015  ...  18
10  233015  ...  17

[11 rows x 8 columns]
[2024-02-22T19:33:32.064+0000] {taskinstance.py:1138} INFO - Marking task as SUCCESS. dag_id=api_dag, task_id=extract_csv_data_task, execution_date=20240222T193327, start_date=20240222T193331, end_date=20240222T193332
[2024-02-22T19:33:32.090+0000] {local_task_job_runner.py:234} INFO - Task exited with return code 0
[2024-02-22T19:33:32.108+0000] {taskinstance.py:3280} INFO - 1 downstream tasks scheduled from follow-on schedule check
