[2024-02-24T16:02:56.975+0000] {taskinstance.py:1956} INFO - Dependencies all met for dep_context=non-requeueable deps ti=<TaskInstance: api_dag.extract_csv_data_task manual__2024-02-24T16:02:53.449322+00:00 [queued]>
[2024-02-24T16:02:56.982+0000] {taskinstance.py:1956} INFO - Dependencies all met for dep_context=requeueable deps ti=<TaskInstance: api_dag.extract_csv_data_task manual__2024-02-24T16:02:53.449322+00:00 [queued]>
[2024-02-24T16:02:56.982+0000] {taskinstance.py:2170} INFO - Starting attempt 1 of 1
[2024-02-24T16:02:56.996+0000] {taskinstance.py:2191} INFO - Executing <Task(PythonOperator): extract_csv_data_task> on 2024-02-24 16:02:53.449322+00:00
[2024-02-24T16:02:57.001+0000] {standard_task_runner.py:60} INFO - Started process 1848 to run task
[2024-02-24T16:02:57.004+0000] {standard_task_runner.py:87} INFO - Running: ['***', 'tasks', 'run', 'api_dag', 'extract_csv_data_task', 'manual__2024-02-24T16:02:53.449322+00:00', '--job-id', '717', '--raw', '--subdir', 'DAGS_FOLDER/api_dag.py', '--cfg-path', '/tmp/tmpuulkvs9f']
[2024-02-24T16:02:57.005+0000] {standard_task_runner.py:88} INFO - Job 717: Subtask extract_csv_data_task
[2024-02-24T16:02:57.048+0000] {task_command.py:423} INFO - Running <TaskInstance: api_dag.extract_csv_data_task manual__2024-02-24T16:02:53.449322+00:00 [running]> on host 614a08523528
[2024-02-24T16:02:57.130+0000] {taskinstance.py:2480} INFO - Exporting env vars: AIRFLOW_CTX_DAG_OWNER='***' AIRFLOW_CTX_DAG_ID='api_dag' AIRFLOW_CTX_TASK_ID='extract_csv_data_task' AIRFLOW_CTX_EXECUTION_DATE='2024-02-24T16:02:53.449322+00:00' AIRFLOW_CTX_TRY_NUMBER='1' AIRFLOW_CTX_DAG_RUN_ID='manual__2024-02-24T16:02:53.449322+00:00'
[2024-02-24T16:02:57.152+0000] {python.py:201} INFO - Done. Returned value was: (     Mezzo  ... Sat
0   233015  ...   4
1   233015  ...  18
2   233015  ...  18
3   233015  ...  17
4   233015  ...  17
5   233015  ...  17
6   233015  ...   8
7   233015  ...  17
8   233015  ...  15
9   233015  ...  18
10  233015  ...  17

[11 rows x 8 columns],         Veicolo Data (UTC+01:00)   ... Batteria veicolo (V)      Targa
0     NZHE15562        16/11/2023  ...                28,32  NZHE15562
1     NZHE15562        16/11/2023  ...                28,29  NZHE15562
2     NZHE15562        16/11/2023  ...                28,32  NZHE15562
3     NZHE15562        16/11/2023  ...                28,31  NZHE15562
4     NZHE15562        16/11/2023  ...                28,34  NZHE15562
...         ...               ...  ...                  ...        ...
6145  NZHE15562        22/11/2023  ...                28,23  NZHE15562
6146  NZHE15562        22/11/2023  ...                28,27  NZHE15562
6147  NZHE15562        22/11/2023  ...                28,24  NZHE15562
6148  NZHE15562        22/11/2023  ...                28,25  NZHE15562
6149  NZHE15562        22/11/2023  ...                28,29  NZHE15562

[6150 rows x 20 columns])
[2024-02-24T16:02:57.286+0000] {taskinstance.py:1138} INFO - Marking task as SUCCESS. dag_id=api_dag, task_id=extract_csv_data_task, execution_date=20240224T160253, start_date=20240224T160256, end_date=20240224T160257
[2024-02-24T16:02:57.340+0000] {local_task_job_runner.py:234} INFO - Task exited with return code 0
[2024-02-24T16:02:57.363+0000] {taskinstance.py:3280} INFO - 1 downstream tasks scheduled from follow-on schedule check
