[2024-02-24T11:22:55.436+0000] {taskinstance.py:1956} INFO - Dependencies all met for dep_context=non-requeueable deps ti=<TaskInstance: api_dag.transform_load_data_task manual__2024-02-24T11:22:50.839229+00:00 [queued]>
[2024-02-24T11:22:55.441+0000] {taskinstance.py:1956} INFO - Dependencies all met for dep_context=requeueable deps ti=<TaskInstance: api_dag.transform_load_data_task manual__2024-02-24T11:22:50.839229+00:00 [queued]>
[2024-02-24T11:22:55.441+0000] {taskinstance.py:2170} INFO - Starting attempt 1 of 1
[2024-02-24T11:22:55.449+0000] {taskinstance.py:2191} INFO - Executing <Task(PythonOperator): transform_load_data_task> on 2024-02-24 11:22:50.839229+00:00
[2024-02-24T11:22:55.453+0000] {standard_task_runner.py:60} INFO - Started process 2148 to run task
[2024-02-24T11:22:55.455+0000] {standard_task_runner.py:87} INFO - Running: ['***', 'tasks', 'run', 'api_dag', 'transform_load_data_task', 'manual__2024-02-24T11:22:50.839229+00:00', '--job-id', '591', '--raw', '--subdir', 'DAGS_FOLDER/api_dag.py', '--cfg-path', '/tmp/tmpj8nuczp4']
[2024-02-24T11:22:55.456+0000] {standard_task_runner.py:88} INFO - Job 591: Subtask transform_load_data_task
[2024-02-24T11:22:55.491+0000] {task_command.py:423} INFO - Running <TaskInstance: api_dag.transform_load_data_task manual__2024-02-24T11:22:50.839229+00:00 [running]> on host 614a08523528
[2024-02-24T11:22:55.543+0000] {taskinstance.py:2480} INFO - Exporting env vars: AIRFLOW_CTX_DAG_OWNER='***' AIRFLOW_CTX_DAG_ID='api_dag' AIRFLOW_CTX_TASK_ID='transform_load_data_task' AIRFLOW_CTX_EXECUTION_DATE='2024-02-24T11:22:50.839229+00:00' AIRFLOW_CTX_TRY_NUMBER='1' AIRFLOW_CTX_DAG_RUN_ID='manual__2024-02-24T11:22:50.839229+00:00'
[2024-02-24T11:22:55.574+0000] {logging_mixin.py:188} INFO - [{'idMezzo': 32678}]
[2024-02-24T11:22:55.578+0000] {logging_mixin.py:188} INFO -     Mezzo  kmTotali
0  233015  968.6 km
1  233015  968.6 km
2  233015  968.6 km
3  233015  968.6 km
[2024-02-24T11:22:55.580+0000] {logging_mixin.py:188} INFO -    idMezzo
0    32678
[2024-02-24T11:22:55.586+0000] {logging_mixin.py:188} INFO -       Mezzo  kmTotali  idMezzo
0  233015.0  968.6 km      NaN
1  233015.0  968.6 km      NaN
2  233015.0  968.6 km      NaN
3  233015.0  968.6 km      NaN
4       NaN       NaN  32678.0
[2024-02-24T11:22:59.188+0000] {python.py:201} INFO - Done. Returned value was: None
[2024-02-24T11:22:59.205+0000] {taskinstance.py:1138} INFO - Marking task as SUCCESS. dag_id=api_dag, task_id=transform_load_data_task, execution_date=20240224T112250, start_date=20240224T112255, end_date=20240224T112259
[2024-02-24T11:22:59.252+0000] {local_task_job_runner.py:234} INFO - Task exited with return code 0
[2024-02-24T11:22:59.271+0000] {taskinstance.py:3280} INFO - 0 downstream tasks scheduled from follow-on schedule check
