[2024-02-18T22:13:36.083+0000] {taskinstance.py:1956} INFO - Dependencies all met for dep_context=non-requeueable deps ti=<TaskInstance: api_dag.transform_data_task manual__2024-02-18T22:13:32.857287+00:00 [queued]>
[2024-02-18T22:13:36.088+0000] {taskinstance.py:1956} INFO - Dependencies all met for dep_context=requeueable deps ti=<TaskInstance: api_dag.transform_data_task manual__2024-02-18T22:13:32.857287+00:00 [queued]>
[2024-02-18T22:13:36.088+0000] {taskinstance.py:2170} INFO - Starting attempt 1 of 1
[2024-02-18T22:13:36.096+0000] {taskinstance.py:2191} INFO - Executing <Task(PythonOperator): transform_data_task> on 2024-02-18 22:13:32.857287+00:00
[2024-02-18T22:13:36.100+0000] {standard_task_runner.py:60} INFO - Started process 454 to run task
[2024-02-18T22:13:36.103+0000] {standard_task_runner.py:87} INFO - Running: ['***', 'tasks', 'run', 'api_dag', 'transform_data_task', 'manual__2024-02-18T22:13:32.857287+00:00', '--job-id', '179', '--raw', '--subdir', 'DAGS_FOLDER/api_dag.py', '--cfg-path', '/tmp/tmpng4g5l06']
[2024-02-18T22:13:36.104+0000] {standard_task_runner.py:88} INFO - Job 179: Subtask transform_data_task
[2024-02-18T22:13:36.135+0000] {task_command.py:423} INFO - Running <TaskInstance: api_dag.transform_data_task manual__2024-02-18T22:13:32.857287+00:00 [running]> on host 4b96e3695163
[2024-02-18T22:13:36.186+0000] {taskinstance.py:2480} INFO - Exporting env vars: AIRFLOW_CTX_DAG_OWNER='***' AIRFLOW_CTX_DAG_ID='api_dag' AIRFLOW_CTX_TASK_ID='transform_data_task' AIRFLOW_CTX_EXECUTION_DATE='2024-02-18T22:13:32.857287+00:00' AIRFLOW_CTX_TRY_NUMBER='1' AIRFLOW_CTX_DAG_RUN_ID='manual__2024-02-18T22:13:32.857287+00:00'
[2024-02-18T22:13:37.709+0000] {taskinstance.py:2698} ERROR - Task failed with exception
Traceback (most recent call last):
  File "/home/airflow/.local/lib/python3.8/site-packages/airflow/models/taskinstance.py", line 433, in _execute_task
    result = execute_callable(context=context, **execute_callable_kwargs)
  File "/home/airflow/.local/lib/python3.8/site-packages/airflow/operators/python.py", line 199, in execute
    return_value = self.execute_callable()
  File "/home/airflow/.local/lib/python3.8/site-packages/airflow/operators/python.py", line 216, in execute_callable
    return self.python_callable(*self.op_args, **self.op_kwargs)
  File "/opt/airflow/dags/api_dag.py", line 21, in transform_data
    df_data.to_sql('automezzo', db, if_exists='replace', dtype={'0': 'hstore'})
  File "/home/airflow/.local/lib/python3.8/site-packages/pandas/core/generic.py", line 2878, in to_sql
    return sql.to_sql(
  File "/home/airflow/.local/lib/python3.8/site-packages/pandas/io/sql.py", line 769, in to_sql
    return pandas_sql.to_sql(
  File "/home/airflow/.local/lib/python3.8/site-packages/pandas/io/sql.py", line 1910, in to_sql
    table = self.prep_table(
  File "/home/airflow/.local/lib/python3.8/site-packages/pandas/io/sql.py", line 1802, in prep_table
    raise ValueError(f"The type of {col} is not a SQLAlchemy type")
ValueError: The type of 0 is not a SQLAlchemy type
[2024-02-18T22:13:37.725+0000] {taskinstance.py:1138} INFO - Marking task as FAILED. dag_id=api_dag, task_id=transform_data_task, execution_date=20240218T221332, start_date=20240218T221336, end_date=20240218T221337
[2024-02-18T22:13:37.739+0000] {standard_task_runner.py:107} ERROR - Failed to execute job 179 for task transform_data_task (The type of 0 is not a SQLAlchemy type; 454)
[2024-02-18T22:13:37.763+0000] {local_task_job_runner.py:234} INFO - Task exited with return code 1
[2024-02-18T22:13:37.776+0000] {taskinstance.py:3280} INFO - 0 downstream tasks scheduled from follow-on schedule check
