[2024-02-24T10:38:43.404+0000] {taskinstance.py:1956} INFO - Dependencies all met for dep_context=non-requeueable deps ti=<TaskInstance: api_dag.transform_load_data_task manual__2024-02-24T10:38:39.738033+00:00 [queued]>
[2024-02-24T10:38:43.409+0000] {taskinstance.py:1956} INFO - Dependencies all met for dep_context=requeueable deps ti=<TaskInstance: api_dag.transform_load_data_task manual__2024-02-24T10:38:39.738033+00:00 [queued]>
[2024-02-24T10:38:43.410+0000] {taskinstance.py:2170} INFO - Starting attempt 1 of 1
[2024-02-24T10:38:43.417+0000] {taskinstance.py:2191} INFO - Executing <Task(PythonOperator): transform_load_data_task> on 2024-02-24 10:38:39.738033+00:00
[2024-02-24T10:38:43.423+0000] {standard_task_runner.py:60} INFO - Started process 1171 to run task
[2024-02-24T10:38:43.425+0000] {standard_task_runner.py:87} INFO - Running: ['***', 'tasks', 'run', 'api_dag', 'transform_load_data_task', 'manual__2024-02-24T10:38:39.738033+00:00', '--job-id', '522', '--raw', '--subdir', 'DAGS_FOLDER/api_dag.py', '--cfg-path', '/tmp/tmp2sf49bgv']
[2024-02-24T10:38:43.426+0000] {standard_task_runner.py:88} INFO - Job 522: Subtask transform_load_data_task
[2024-02-24T10:38:43.467+0000] {task_command.py:423} INFO - Running <TaskInstance: api_dag.transform_load_data_task manual__2024-02-24T10:38:39.738033+00:00 [running]> on host 614a08523528
[2024-02-24T10:38:43.539+0000] {taskinstance.py:2480} INFO - Exporting env vars: AIRFLOW_CTX_DAG_OWNER='***' AIRFLOW_CTX_DAG_ID='api_dag' AIRFLOW_CTX_TASK_ID='transform_load_data_task' AIRFLOW_CTX_EXECUTION_DATE='2024-02-24T10:38:39.738033+00:00' AIRFLOW_CTX_TRY_NUMBER='1' AIRFLOW_CTX_DAG_RUN_ID='manual__2024-02-24T10:38:39.738033+00:00'
[2024-02-24T10:38:43.580+0000] {logging_mixin.py:188} INFO -     Mezzo  kmTotali
0  233015  968.6 km
1  233015  968.6 km
2  233015  968.6 km
3  233015  968.6 km
[2024-02-24T10:38:43.582+0000] {logging_mixin.py:188} INFO -    idMezzo
0    32678
[2024-02-24T10:38:43.587+0000] {logging_mixin.py:188} INFO -           0  idMezzo
0  233015.0      NaN
1  233015.0      NaN
2  233015.0      NaN
3  233015.0      NaN
0       NaN  32678.0
[2024-02-24T10:38:47.348+0000] {python.py:201} INFO - Done. Returned value was: None
[2024-02-24T10:38:47.356+0000] {taskinstance.py:1138} INFO - Marking task as SUCCESS. dag_id=api_dag, task_id=transform_load_data_task, execution_date=20240224T103839, start_date=20240224T103843, end_date=20240224T103847
[2024-02-24T10:38:47.381+0000] {local_task_job_runner.py:234} INFO - Task exited with return code 0
[2024-02-24T10:38:47.395+0000] {taskinstance.py:3280} INFO - 0 downstream tasks scheduled from follow-on schedule check
