[2024-02-24T11:27:47.406+0000] {taskinstance.py:1956} INFO - Dependencies all met for dep_context=non-requeueable deps ti=<TaskInstance: api_dag.transform_load_data_task manual__2024-02-24T11:27:42.746224+00:00 [queued]>
[2024-02-24T11:27:47.412+0000] {taskinstance.py:1956} INFO - Dependencies all met for dep_context=requeueable deps ti=<TaskInstance: api_dag.transform_load_data_task manual__2024-02-24T11:27:42.746224+00:00 [queued]>
[2024-02-24T11:27:47.412+0000] {taskinstance.py:2170} INFO - Starting attempt 1 of 1
[2024-02-24T11:27:47.422+0000] {taskinstance.py:2191} INFO - Executing <Task(PythonOperator): transform_load_data_task> on 2024-02-24 11:27:42.746224+00:00
[2024-02-24T11:27:47.426+0000] {standard_task_runner.py:60} INFO - Started process 2258 to run task
[2024-02-24T11:27:47.429+0000] {standard_task_runner.py:87} INFO - Running: ['***', 'tasks', 'run', 'api_dag', 'transform_load_data_task', 'manual__2024-02-24T11:27:42.746224+00:00', '--job-id', '600', '--raw', '--subdir', 'DAGS_FOLDER/api_dag.py', '--cfg-path', '/tmp/tmpp3ryebno']
[2024-02-24T11:27:47.430+0000] {standard_task_runner.py:88} INFO - Job 600: Subtask transform_load_data_task
[2024-02-24T11:27:47.462+0000] {task_command.py:423} INFO - Running <TaskInstance: api_dag.transform_load_data_task manual__2024-02-24T11:27:42.746224+00:00 [running]> on host 614a08523528
[2024-02-24T11:27:47.518+0000] {taskinstance.py:2480} INFO - Exporting env vars: AIRFLOW_CTX_DAG_OWNER='***' AIRFLOW_CTX_DAG_ID='api_dag' AIRFLOW_CTX_TASK_ID='transform_load_data_task' AIRFLOW_CTX_EXECUTION_DATE='2024-02-24T11:27:42.746224+00:00' AIRFLOW_CTX_TRY_NUMBER='1' AIRFLOW_CTX_DAG_RUN_ID='manual__2024-02-24T11:27:42.746224+00:00'
[2024-02-24T11:27:47.554+0000] {logging_mixin.py:188} INFO - [{'idMezzo': 32678}]
[2024-02-24T11:27:47.559+0000] {logging_mixin.py:188} INFO -     Mezzo  kmTotali
0  233015  968.6 km
1  233015  968.6 km
2  233015  968.6 km
3  233015  968.6 km
[2024-02-24T11:27:47.559+0000] {logging_mixin.py:188} INFO - 0    233015
1    233015
2    233015
3    233015
Name: Mezzo, dtype: int64
[2024-02-24T11:27:47.562+0000] {logging_mixin.py:188} INFO -    idMezzo
0    32678
[2024-02-24T11:27:47.565+0000] {logging_mixin.py:188} INFO - Empty DataFrame
Columns: [Mezzo, idMezzo]
Index: []
[2024-02-24T11:27:50.916+0000] {python.py:201} INFO - Done. Returned value was: None
[2024-02-24T11:27:50.933+0000] {taskinstance.py:1138} INFO - Marking task as SUCCESS. dag_id=api_dag, task_id=transform_load_data_task, execution_date=20240224T112742, start_date=20240224T112747, end_date=20240224T112750
[2024-02-24T11:27:50.979+0000] {local_task_job_runner.py:234} INFO - Task exited with return code 0
[2024-02-24T11:27:50.990+0000] {taskinstance.py:3280} INFO - 0 downstream tasks scheduled from follow-on schedule check
