[2024-02-24T10:02:58.837+0000] {taskinstance.py:1956} INFO - Dependencies all met for dep_context=non-requeueable deps ti=<TaskInstance: api_dag.transform_load_data_task manual__2024-02-24T10:02:27.147772+00:00 [queued]>
[2024-02-24T10:02:58.842+0000] {taskinstance.py:1956} INFO - Dependencies all met for dep_context=requeueable deps ti=<TaskInstance: api_dag.transform_load_data_task manual__2024-02-24T10:02:27.147772+00:00 [queued]>
[2024-02-24T10:02:58.842+0000] {taskinstance.py:2170} INFO - Starting attempt 1 of 1
[2024-02-24T10:02:58.849+0000] {taskinstance.py:2191} INFO - Executing <Task(PythonOperator): transform_load_data_task> on 2024-02-24 10:02:27.147772+00:00
[2024-02-24T10:02:58.854+0000] {standard_task_runner.py:60} INFO - Started process 417 to run task
[2024-02-24T10:02:58.856+0000] {standard_task_runner.py:87} INFO - Running: ['***', 'tasks', 'run', 'api_dag', 'transform_load_data_task', 'manual__2024-02-24T10:02:27.147772+00:00', '--job-id', '474', '--raw', '--subdir', 'DAGS_FOLDER/api_dag.py', '--cfg-path', '/tmp/tmp4zytfgob']
[2024-02-24T10:02:58.857+0000] {standard_task_runner.py:88} INFO - Job 474: Subtask transform_load_data_task
[2024-02-24T10:02:58.887+0000] {task_command.py:423} INFO - Running <TaskInstance: api_dag.transform_load_data_task manual__2024-02-24T10:02:27.147772+00:00 [running]> on host 614a08523528
[2024-02-24T10:02:58.941+0000] {taskinstance.py:2480} INFO - Exporting env vars: AIRFLOW_CTX_DAG_OWNER='***' AIRFLOW_CTX_DAG_ID='api_dag' AIRFLOW_CTX_TASK_ID='transform_load_data_task' AIRFLOW_CTX_EXECUTION_DATE='2024-02-24T10:02:27.147772+00:00' AIRFLOW_CTX_TRY_NUMBER='1' AIRFLOW_CTX_DAG_RUN_ID='manual__2024-02-24T10:02:27.147772+00:00'
[2024-02-24T10:02:58.975+0000] {taskinstance.py:2698} ERROR - Task failed with exception
Traceback (most recent call last):
  File "/home/airflow/.local/lib/python3.8/site-packages/airflow/models/taskinstance.py", line 433, in _execute_task
    result = execute_callable(context=context, **execute_callable_kwargs)
  File "/home/airflow/.local/lib/python3.8/site-packages/airflow/operators/python.py", line 199, in execute
    return_value = self.execute_callable()
  File "/home/airflow/.local/lib/python3.8/site-packages/airflow/operators/python.py", line 216, in execute_callable
    return self.python_callable(*self.op_args, **self.op_kwargs)
  File "/opt/airflow/dags/api_dag.py", line 30, in transform_data
    merged_data = pd.concat([normalized_csv_tot, pd.DataFrame(extracted_data)])
  File "/home/airflow/.local/lib/python3.8/site-packages/pandas/core/reshape/concat.py", line 372, in concat
    op = _Concatenator(
  File "/home/airflow/.local/lib/python3.8/site-packages/pandas/core/reshape/concat.py", line 462, in __init__
    raise TypeError(msg)
TypeError: cannot concatenate object of type '<class 'list'>'; only Series and DataFrame objs are valid
[2024-02-24T10:02:58.982+0000] {taskinstance.py:1138} INFO - Marking task as FAILED. dag_id=api_dag, task_id=transform_load_data_task, execution_date=20240224T100227, start_date=20240224T100258, end_date=20240224T100258
[2024-02-24T10:02:58.990+0000] {standard_task_runner.py:107} ERROR - Failed to execute job 474 for task transform_load_data_task (cannot concatenate object of type '<class 'list'>'; only Series and DataFrame objs are valid; 417)
[2024-02-24T10:02:59.029+0000] {local_task_job_runner.py:234} INFO - Task exited with return code 1
[2024-02-24T10:02:59.045+0000] {taskinstance.py:3280} INFO - 0 downstream tasks scheduled from follow-on schedule check
