[2024-02-24T17:40:57.372+0000] {taskinstance.py:1956} INFO - Dependencies all met for dep_context=non-requeueable deps ti=<TaskInstance: api_dag.transform_data_task manual__2024-02-24T17:40:52.716450+00:00 [queued]>
[2024-02-24T17:40:57.379+0000] {taskinstance.py:1956} INFO - Dependencies all met for dep_context=requeueable deps ti=<TaskInstance: api_dag.transform_data_task manual__2024-02-24T17:40:52.716450+00:00 [queued]>
[2024-02-24T17:40:57.379+0000] {taskinstance.py:2170} INFO - Starting attempt 1 of 1
[2024-02-24T17:40:57.388+0000] {taskinstance.py:2191} INFO - Executing <Task(PythonOperator): transform_data_task> on 2024-02-24 17:40:52.716450+00:00
[2024-02-24T17:40:57.393+0000] {standard_task_runner.py:60} INFO - Started process 4439 to run task
[2024-02-24T17:40:57.395+0000] {standard_task_runner.py:87} INFO - Running: ['***', 'tasks', 'run', 'api_dag', 'transform_data_task', 'manual__2024-02-24T17:40:52.716450+00:00', '--job-id', '849', '--raw', '--subdir', 'DAGS_FOLDER/api_dag.py', '--cfg-path', '/tmp/tmprt7waaym']
[2024-02-24T17:40:57.396+0000] {standard_task_runner.py:88} INFO - Job 849: Subtask transform_data_task
[2024-02-24T17:40:57.431+0000] {task_command.py:423} INFO - Running <TaskInstance: api_dag.transform_data_task manual__2024-02-24T17:40:52.716450+00:00 [running]> on host 614a08523528
[2024-02-24T17:40:57.487+0000] {taskinstance.py:2480} INFO - Exporting env vars: AIRFLOW_CTX_DAG_OWNER='***' AIRFLOW_CTX_DAG_ID='api_dag' AIRFLOW_CTX_TASK_ID='transform_data_task' AIRFLOW_CTX_EXECUTION_DATE='2024-02-24T17:40:52.716450+00:00' AIRFLOW_CTX_TRY_NUMBER='1' AIRFLOW_CTX_DAG_RUN_ID='manual__2024-02-24T17:40:52.716450+00:00'
[2024-02-24T17:40:57.545+0000] {taskinstance.py:2698} ERROR - Task failed with exception
Traceback (most recent call last):
  File "/home/airflow/.local/lib/python3.8/site-packages/airflow/models/taskinstance.py", line 433, in _execute_task
    result = execute_callable(context=context, **execute_callable_kwargs)
  File "/home/airflow/.local/lib/python3.8/site-packages/airflow/operators/python.py", line 199, in execute
    return_value = self.execute_callable()
  File "/home/airflow/.local/lib/python3.8/site-packages/airflow/operators/python.py", line 216, in execute_callable
    return self.python_callable(*self.op_args, **self.op_kwargs)
  File "/opt/airflow/dags/api_dag.py", line 45, in transform_data
    merged_data = pd.concat([selected_csv1, selected_csv4, selected_csv3, selected_csv2, transformed_api], ignore_index=True)
  File "/home/airflow/.local/lib/python3.8/site-packages/pandas/core/reshape/concat.py", line 372, in concat
    op = _Concatenator(
  File "/home/airflow/.local/lib/python3.8/site-packages/pandas/core/reshape/concat.py", line 462, in __init__
    raise TypeError(msg)
TypeError: cannot concatenate object of type '<class 'list'>'; only Series and DataFrame objs are valid
[2024-02-24T17:40:57.551+0000] {taskinstance.py:1138} INFO - Marking task as FAILED. dag_id=api_dag, task_id=transform_data_task, execution_date=20240224T174052, start_date=20240224T174057, end_date=20240224T174057
[2024-02-24T17:40:57.560+0000] {standard_task_runner.py:107} ERROR - Failed to execute job 849 for task transform_data_task (cannot concatenate object of type '<class 'list'>'; only Series and DataFrame objs are valid; 4439)
[2024-02-24T17:40:57.569+0000] {local_task_job_runner.py:234} INFO - Task exited with return code 1
[2024-02-24T17:40:57.579+0000] {taskinstance.py:3280} INFO - 0 downstream tasks scheduled from follow-on schedule check
