[2024-02-24T15:10:06.057+0000] {taskinstance.py:1956} INFO - Dependencies all met for dep_context=non-requeueable deps ti=<TaskInstance: api_dag.transform_data_task manual__2024-02-24T15:10:00.908960+00:00 [queued]>
[2024-02-24T15:10:06.065+0000] {taskinstance.py:1956} INFO - Dependencies all met for dep_context=requeueable deps ti=<TaskInstance: api_dag.transform_data_task manual__2024-02-24T15:10:00.908960+00:00 [queued]>
[2024-02-24T15:10:06.065+0000] {taskinstance.py:2170} INFO - Starting attempt 1 of 1
[2024-02-24T15:10:06.076+0000] {taskinstance.py:2191} INFO - Executing <Task(PythonOperator): transform_data_task> on 2024-02-24 15:10:00.908960+00:00
[2024-02-24T15:10:06.081+0000] {standard_task_runner.py:60} INFO - Started process 839 to run task
[2024-02-24T15:10:06.085+0000] {standard_task_runner.py:87} INFO - Running: ['***', 'tasks', 'run', 'api_dag', 'transform_data_task', 'manual__2024-02-24T15:10:00.908960+00:00', '--job-id', '670', '--raw', '--subdir', 'DAGS_FOLDER/api_dag.py', '--cfg-path', '/tmp/tmppbz22wzn']
[2024-02-24T15:10:06.086+0000] {standard_task_runner.py:88} INFO - Job 670: Subtask transform_data_task
[2024-02-24T15:10:06.130+0000] {task_command.py:423} INFO - Running <TaskInstance: api_dag.transform_data_task manual__2024-02-24T15:10:00.908960+00:00 [running]> on host 614a08523528
[2024-02-24T15:10:06.216+0000] {taskinstance.py:2480} INFO - Exporting env vars: AIRFLOW_CTX_DAG_OWNER='***' AIRFLOW_CTX_DAG_ID='api_dag' AIRFLOW_CTX_TASK_ID='transform_data_task' AIRFLOW_CTX_EXECUTION_DATE='2024-02-24T15:10:00.908960+00:00' AIRFLOW_CTX_TRY_NUMBER='1' AIRFLOW_CTX_DAG_RUN_ID='manual__2024-02-24T15:10:00.908960+00:00'
[2024-02-24T15:10:06.260+0000] {logging_mixin.py:188} INFO -     Mezzo  kmTotali
0  233015  968.6 km
1  233015  968.6 km
2  233015  968.6 km
3  233015  968.6 km
[2024-02-24T15:10:06.261+0000] {logging_mixin.py:188} INFO - Index(['Mezzo', ' kmTotali'], dtype='object')
[2024-02-24T15:10:06.267+0000] {logging_mixin.py:188} INFO -     Mezzo  kmTotali
0  233015  968.6 km
1  233015  968.6 km
2  233015  968.6 km
3  233015  968.6 km
[2024-02-24T15:10:49.521+0000] {python.py:201} INFO - Done. Returned value was: None
[2024-02-24T15:10:49.535+0000] {taskinstance.py:1138} INFO - Marking task as SUCCESS. dag_id=api_dag, task_id=transform_data_task, execution_date=20240224T151000, start_date=20240224T151006, end_date=20240224T151049
[2024-02-24T15:10:49.574+0000] {local_task_job_runner.py:234} INFO - Task exited with return code 0
[2024-02-24T15:10:49.587+0000] {taskinstance.py:3280} INFO - 0 downstream tasks scheduled from follow-on schedule check
