[2024-02-22T19:47:05.059+0000] {taskinstance.py:1956} INFO - Dependencies all met for dep_context=non-requeueable deps ti=<TaskInstance: api_dag.extract_csv_data_task manual__2024-02-22T19:47:01.386447+00:00 [queued]>
[2024-02-22T19:47:05.068+0000] {taskinstance.py:1956} INFO - Dependencies all met for dep_context=requeueable deps ti=<TaskInstance: api_dag.extract_csv_data_task manual__2024-02-22T19:47:01.386447+00:00 [queued]>
[2024-02-22T19:47:05.069+0000] {taskinstance.py:2170} INFO - Starting attempt 1 of 1
[2024-02-22T19:47:05.082+0000] {taskinstance.py:2191} INFO - Executing <Task(PythonOperator): extract_csv_data_task> on 2024-02-22 19:47:01.386447+00:00
[2024-02-22T19:47:05.087+0000] {standard_task_runner.py:60} INFO - Started process 2699 to run task
[2024-02-22T19:47:05.090+0000] {standard_task_runner.py:87} INFO - Running: ['***', 'tasks', 'run', 'api_dag', 'extract_csv_data_task', 'manual__2024-02-22T19:47:01.386447+00:00', '--job-id', '335', '--raw', '--subdir', 'DAGS_FOLDER/api_dag.py', '--cfg-path', '/tmp/tmpsqqwy849']
[2024-02-22T19:47:05.091+0000] {standard_task_runner.py:88} INFO - Job 335: Subtask extract_csv_data_task
[2024-02-22T19:47:05.133+0000] {task_command.py:423} INFO - Running <TaskInstance: api_dag.extract_csv_data_task manual__2024-02-22T19:47:01.386447+00:00 [running]> on host 614a08523528
[2024-02-22T19:47:05.201+0000] {taskinstance.py:2480} INFO - Exporting env vars: AIRFLOW_CTX_DAG_OWNER='***' AIRFLOW_CTX_DAG_ID='api_dag' AIRFLOW_CTX_TASK_ID='extract_csv_data_task' AIRFLOW_CTX_EXECUTION_DATE='2024-02-22T19:47:01.386447+00:00' AIRFLOW_CTX_TRY_NUMBER='1' AIRFLOW_CTX_DAG_RUN_ID='manual__2024-02-22T19:47:01.386447+00:00'
[2024-02-22T19:47:05.220+0000] {logging_mixin.py:188} INFO - <bound method NDFrame.head of      Mezzo  ... Sat
0   233015  ...   4
1   233015  ...  18
2   233015  ...  18
3   233015  ...  17
4   233015  ...  17
5   233015  ...  17
6   233015  ...   8
7   233015  ...  17
8   233015  ...  15
9   233015  ...  18
10  233015  ...  17

[11 rows x 8 columns]>
[2024-02-22T19:47:05.220+0000] {python.py:201} INFO - Done. Returned value was:      Mezzo  ... Sat
0   233015  ...   4
1   233015  ...  18
2   233015  ...  18
3   233015  ...  17
4   233015  ...  17
5   233015  ...  17
6   233015  ...   8
7   233015  ...  17
8   233015  ...  15
9   233015  ...  18
10  233015  ...  17

[11 rows x 8 columns]
[2024-02-22T19:47:05.259+0000] {taskinstance.py:1138} INFO - Marking task as SUCCESS. dag_id=api_dag, task_id=extract_csv_data_task, execution_date=20240222T194701, start_date=20240222T194705, end_date=20240222T194705
[2024-02-22T19:47:05.303+0000] {local_task_job_runner.py:234} INFO - Task exited with return code 0
[2024-02-22T19:47:05.336+0000] {taskinstance.py:3280} INFO - 1 downstream tasks scheduled from follow-on schedule check
