[2024-02-24T11:25:59.728+0000] {taskinstance.py:1956} INFO - Dependencies all met for dep_context=non-requeueable deps ti=<TaskInstance: api_dag.extract_csv_data_task manual__2024-02-24T11:25:55.965023+00:00 [queued]>
[2024-02-24T11:25:59.733+0000] {taskinstance.py:1956} INFO - Dependencies all met for dep_context=requeueable deps ti=<TaskInstance: api_dag.extract_csv_data_task manual__2024-02-24T11:25:55.965023+00:00 [queued]>
[2024-02-24T11:25:59.734+0000] {taskinstance.py:2170} INFO - Starting attempt 1 of 1
[2024-02-24T11:25:59.742+0000] {taskinstance.py:2191} INFO - Executing <Task(PythonOperator): extract_csv_data_task> on 2024-02-24 11:25:55.965023+00:00
[2024-02-24T11:25:59.745+0000] {standard_task_runner.py:60} INFO - Started process 2218 to run task
[2024-02-24T11:25:59.748+0000] {standard_task_runner.py:87} INFO - Running: ['***', 'tasks', 'run', 'api_dag', 'extract_csv_data_task', 'manual__2024-02-24T11:25:55.965023+00:00', '--job-id', '596', '--raw', '--subdir', 'DAGS_FOLDER/api_dag.py', '--cfg-path', '/tmp/tmpq3rnpoth']
[2024-02-24T11:25:59.748+0000] {standard_task_runner.py:88} INFO - Job 596: Subtask extract_csv_data_task
[2024-02-24T11:25:59.778+0000] {task_command.py:423} INFO - Running <TaskInstance: api_dag.extract_csv_data_task manual__2024-02-24T11:25:55.965023+00:00 [running]> on host 614a08523528
[2024-02-24T11:25:59.828+0000] {taskinstance.py:2480} INFO - Exporting env vars: AIRFLOW_CTX_DAG_OWNER='***' AIRFLOW_CTX_DAG_ID='api_dag' AIRFLOW_CTX_TASK_ID='extract_csv_data_task' AIRFLOW_CTX_EXECUTION_DATE='2024-02-24T11:25:55.965023+00:00' AIRFLOW_CTX_TRY_NUMBER='1' AIRFLOW_CTX_DAG_RUN_ID='manual__2024-02-24T11:25:55.965023+00:00'
[2024-02-24T11:25:59.836+0000] {logging_mixin.py:188} INFO - <bound method NDFrame.head of     Mezzo  kmTotali
0  233015  968.6 km
1  233015  968.6 km
2  233015  968.6 km
3  233015  968.6 km>
[2024-02-24T11:25:59.837+0000] {python.py:201} INFO - Done. Returned value was:     Mezzo  kmTotali
0  233015  968.6 km
1  233015  968.6 km
2  233015  968.6 km
3  233015  968.6 km
[2024-02-24T11:25:59.862+0000] {taskinstance.py:1138} INFO - Marking task as SUCCESS. dag_id=api_dag, task_id=extract_csv_data_task, execution_date=20240224T112555, start_date=20240224T112559, end_date=20240224T112559
[2024-02-24T11:25:59.880+0000] {local_task_job_runner.py:234} INFO - Task exited with return code 0
[2024-02-24T11:25:59.894+0000] {taskinstance.py:3280} INFO - 1 downstream tasks scheduled from follow-on schedule check
