[2024-02-22T19:05:49.852+0000] {taskinstance.py:1956} INFO - Dependencies all met for dep_context=non-requeueable deps ti=<TaskInstance: api_dag.extract_csv_data_task manual__2024-02-22T19:05:45.769648+00:00 [queued]>
[2024-02-22T19:05:49.861+0000] {taskinstance.py:1956} INFO - Dependencies all met for dep_context=requeueable deps ti=<TaskInstance: api_dag.extract_csv_data_task manual__2024-02-22T19:05:45.769648+00:00 [queued]>
[2024-02-22T19:05:49.861+0000] {taskinstance.py:2170} INFO - Starting attempt 1 of 1
[2024-02-22T19:05:49.874+0000] {taskinstance.py:2191} INFO - Executing <Task(PythonOperator): extract_csv_data_task> on 2024-02-22 19:05:45.769648+00:00
[2024-02-22T19:05:49.881+0000] {standard_task_runner.py:60} INFO - Started process 1846 to run task
[2024-02-22T19:05:49.884+0000] {standard_task_runner.py:87} INFO - Running: ['***', 'tasks', 'run', 'api_dag', 'extract_csv_data_task', 'manual__2024-02-22T19:05:45.769648+00:00', '--job-id', '294', '--raw', '--subdir', 'DAGS_FOLDER/api_dag.py', '--cfg-path', '/tmp/tmpcqb3jj8s']
[2024-02-22T19:05:49.885+0000] {standard_task_runner.py:88} INFO - Job 294: Subtask extract_csv_data_task
[2024-02-22T19:05:49.933+0000] {task_command.py:423} INFO - Running <TaskInstance: api_dag.extract_csv_data_task manual__2024-02-22T19:05:45.769648+00:00 [running]> on host 614a08523528
[2024-02-22T19:05:50.000+0000] {taskinstance.py:2480} INFO - Exporting env vars: AIRFLOW_CTX_DAG_OWNER='***' AIRFLOW_CTX_DAG_ID='api_dag' AIRFLOW_CTX_TASK_ID='extract_csv_data_task' AIRFLOW_CTX_EXECUTION_DATE='2024-02-22T19:05:45.769648+00:00' AIRFLOW_CTX_TRY_NUMBER='1' AIRFLOW_CTX_DAG_RUN_ID='manual__2024-02-22T19:05:45.769648+00:00'
[2024-02-22T19:05:50.008+0000] {python.py:201} INFO - Done. Returned value was:      Mezzo  ...              Uscite
0   233015  ...  immobilizer: Off; 
1   233015  ...  immobilizer: Off; 
2   233015  ...  immobilizer: Off; 
3   233015  ...  immobilizer: Off; 
4   233015  ...  immobilizer: Off; 
5   233015  ...  immobilizer: Off; 
6   233015  ...  immobilizer: Off; 
7   233015  ...  immobilizer: Off; 
8   233015  ...  immobilizer: Off; 
9   233015  ...  immobilizer: Off; 
10  233015  ...  immobilizer: Off; 

[11 rows x 10 columns]
[2024-02-22T19:05:50.056+0000] {taskinstance.py:1138} INFO - Marking task as SUCCESS. dag_id=api_dag, task_id=extract_csv_data_task, execution_date=20240222T190545, start_date=20240222T190549, end_date=20240222T190550
[2024-02-22T19:05:50.100+0000] {local_task_job_runner.py:234} INFO - Task exited with return code 0
[2024-02-22T19:05:50.127+0000] {taskinstance.py:3280} INFO - 1 downstream tasks scheduled from follow-on schedule check
